2011/11/12 下午 11:24:26 org.apache.catalina.core.AprLifecycleListener init
資訊: The APR based Apache Tomcat Native library which allows optimal performance in production environments was not found on the java.library.path: .:/Library/Java/Extensions:/System/Library/Java/Extensions:/usr/lib/java
2011/11/12 下午 11:24:27 org.apache.coyote.http11.Http11Protocol init
資訊: Initializing Coyote HTTP/1.1 on http-8080
2011/11/12 下午 11:24:27 org.apache.catalina.startup.Catalina load
資訊: Initialization processed in 1049 ms
2011/11/12 下午 11:24:27 org.apache.catalina.core.StandardService start
資訊: Starting service Catalina
2011/11/12 下午 11:24:27 org.apache.catalina.core.StandardEngine start
資訊: Starting Servlet Engine: Apache Tomcat/6.0.32
2011/11/12 下午 11:24:27 org.apache.catalina.startup.HostConfig deployDescriptor
資訊: Deploying configuration descriptor host-manager.xml
2011/11/12 下午 11:24:27 org.apache.catalina.startup.HostConfig deployDescriptor
資訊: Deploying configuration descriptor manager.xml
2011/11/12 下午 11:24:27 org.apache.catalina.startup.HostConfig deployDirectory
資訊: Deploying web application directory docs
2011/11/12 下午 11:24:28 org.apache.catalina.startup.HostConfig deployDirectory
資訊: Deploying web application directory examples
2011/11/12 下午 11:24:28 org.apache.catalina.startup.HostConfig deployDirectory
資訊: Deploying web application directory ROOT
2011/11/12 下午 11:24:28 org.apache.catalina.session.StandardManager doLoad
嚴重的: IOException while loading persisted sessions: java.io.WriteAbortedException: writing aborted; java.io.NotSerializableException: com.tht.person.People
java.io.WriteAbortedException: writing aborted; java.io.NotSerializableException: com.tht.person.People
	at java.io.ObjectInputStream.readObject0(ObjectInputStream.java:1332)
	at java.io.ObjectInputStream.readObject(ObjectInputStream.java:350)
	at java.util.ArrayList.readObject(ArrayList.java:593)
	at sun.reflect.NativeMethodAccessorImpl.invoke0(Native Method)
	at sun.reflect.NativeMethodAccessorImpl.invoke(NativeMethodAccessorImpl.java:39)
	at sun.reflect.DelegatingMethodAccessorImpl.invoke(DelegatingMethodAccessorImpl.java:25)
	at java.lang.reflect.Method.invoke(Method.java:597)
	at java.io.ObjectStreamClass.invokeReadObject(ObjectStreamClass.java:974)
	at java.io.ObjectInputStream.readSerialData(ObjectInputStream.java:1848)
	at java.io.ObjectInputStream.readOrdinaryObject(ObjectInputStream.java:1752)
	at java.io.ObjectInputStream.readObject0(ObjectInputStream.java:1328)
	at java.io.ObjectInputStream.readObject(ObjectInputStream.java:350)
	at org.apache.catalina.session.StandardSession.readObject(StandardSession.java:1485)
	at org.apache.catalina.session.StandardSession.readObjectData(StandardSession.java:987)
	at org.apache.catalina.session.StandardManager.doLoad(StandardManager.java:394)
	at org.apache.catalina.session.StandardManager.load(StandardManager.java:321)
	at org.apache.catalina.session.StandardManager.start(StandardManager.java:648)
	at org.apache.catalina.core.ContainerBase.setManager(ContainerBase.java:446)
	at org.apache.catalina.core.StandardContext.start(StandardContext.java:4630)
	at org.apache.catalina.core.ContainerBase.addChildInternal(ContainerBase.java:799)
	at org.apache.catalina.core.ContainerBase.addChild(ContainerBase.java:779)
	at org.apache.catalina.core.StandardHost.addChild(StandardHost.java:601)
	at org.apache.catalina.startup.HostConfig.deployDirectory(HostConfig.java:1079)
	at org.apache.catalina.startup.HostConfig.deployDirectories(HostConfig.java:1002)
	at org.apache.catalina.startup.HostConfig.deployApps(HostConfig.java:506)
	at org.apache.catalina.startup.HostConfig.start(HostConfig.java:1315)
	at org.apache.catalina.startup.HostConfig.lifecycleEvent(HostConfig.java:324)
	at org.apache.catalina.util.LifecycleSupport.fireLifecycleEvent(LifecycleSupport.java:142)
	at org.apache.catalina.core.ContainerBase.start(ContainerBase.java:1061)
	at org.apache.catalina.core.StandardHost.start(StandardHost.java:840)
	at org.apache.catalina.core.ContainerBase.start(ContainerBase.java:1053)
	at org.apache.catalina.core.StandardEngine.start(StandardEngine.java:463)
	at org.apache.catalina.core.StandardService.start(StandardService.java:525)
	at org.apache.catalina.core.StandardServer.start(StandardServer.java:754)
	at org.apache.catalina.startup.Catalina.start(Catalina.java:595)
	at sun.reflect.NativeMethodAccessorImpl.invoke0(Native Method)
	at sun.reflect.NativeMethodAccessorImpl.invoke(NativeMethodAccessorImpl.java:39)
	at sun.reflect.DelegatingMethodAccessorImpl.invoke(DelegatingMethodAccessorImpl.java:25)
	at java.lang.reflect.Method.invoke(Method.java:597)
	at org.apache.catalina.startup.Bootstrap.start(Bootstrap.java:289)
	at org.apache.catalina.startup.Bootstrap.main(Bootstrap.java:414)
Caused by: java.io.NotSerializableException: com.tht.person.People
	at java.io.ObjectOutputStream.writeObject0(ObjectOutputStream.java:1164)
	at java.io.ObjectOutputStream.writeObject(ObjectOutputStream.java:330)
	at java.util.ArrayList.writeObject(ArrayList.java:570)
	at sun.reflect.NativeMethodAccessorImpl.invoke0(Native Method)
	at sun.reflect.NativeMethodAccessorImpl.invoke(NativeMethodAccessorImpl.java:39)
	at sun.reflect.DelegatingMethodAccessorImpl.invoke(DelegatingMethodAccessorImpl.java:25)
	at java.lang.reflect.Method.invoke(Method.java:597)
	at java.io.ObjectStreamClass.invokeWriteObject(ObjectStreamClass.java:945)
	at java.io.ObjectOutputStream.writeSerialData(ObjectOutputStream.java:1469)
	at java.io.ObjectOutputStream.writeOrdinaryObject(ObjectOutputStream.java:1400)
	at java.io.ObjectOutputStream.writeObject0(ObjectOutputStream.java:1158)
	at java.io.ObjectOutputStream.writeObject(ObjectOutputStream.java:330)
	at org.apache.catalina.session.StandardSession.writeObject(StandardSession.java:1561)
	at org.apache.catalina.session.StandardSession.writeObjectData(StandardSession.java:1004)
	at org.apache.catalina.session.StandardManager.doUnload(StandardManager.java:528)
	at org.apache.catalina.session.StandardManager.unload(StandardManager.java:469)
	at org.apache.catalina.session.StandardManager.stop(StandardManager.java:678)
	at org.apache.catalina.core.StandardContext.stop(StandardContext.java:4875)
	at org.apache.catalina.core.ContainerBase.removeChild(ContainerBase.java:932)
	at org.apache.catalina.startup.HostConfig.undeployApps(HostConfig.java:1357)
	at org.apache.catalina.startup.HostConfig.stop(HostConfig.java:1328)
	at org.apache.catalina.startup.HostConfig.lifecycleEvent(HostConfig.java:326)
	at org.apache.catalina.util.LifecycleSupport.fireLifecycleEvent(LifecycleSupport.java:142)
	at org.apache.catalina.core.ContainerBase.stop(ContainerBase.java:1094)
	at org.apache.catalina.core.ContainerBase.stop(ContainerBase.java:1106)
	at org.apache.catalina.core.StandardEngine.stop(StandardEngine.java:468)
	at org.apache.catalina.core.StandardService.stop(StandardService.java:604)
	at org.apache.catalina.core.StandardServer.stop(StandardServer.java:788)
	at org.apache.catalina.startup.Catalina.stop(Catalina.java:662)
	at org.apache.catalina.startup.Catalina.start(Catalina.java:629)
	... 6 more
2011/11/12 下午 11:24:28 org.apache.catalina.session.StandardManager start
嚴重的: Exception loading sessions from persistent storage
java.io.WriteAbortedException: writing aborted; java.io.NotSerializableException: com.tht.person.People
	at java.io.ObjectInputStream.readObject0(ObjectInputStream.java:1332)
	at java.io.ObjectInputStream.readObject(ObjectInputStream.java:350)
	at java.util.ArrayList.readObject(ArrayList.java:593)
	at sun.reflect.NativeMethodAccessorImpl.invoke0(Native Method)
	at sun.reflect.NativeMethodAccessorImpl.invoke(NativeMethodAccessorImpl.java:39)
	at sun.reflect.DelegatingMethodAccessorImpl.invoke(DelegatingMethodAccessorImpl.java:25)
	at java.lang.reflect.Method.invoke(Method.java:597)
	at java.io.ObjectStreamClass.invokeReadObject(ObjectStreamClass.java:974)
	at java.io.ObjectInputStream.readSerialData(ObjectInputStream.java:1848)
	at java.io.ObjectInputStream.readOrdinaryObject(ObjectInputStream.java:1752)
	at java.io.ObjectInputStream.readObject0(ObjectInputStream.java:1328)
	at java.io.ObjectInputStream.readObject(ObjectInputStream.java:350)
	at org.apache.catalina.session.StandardSession.readObject(StandardSession.java:1485)
	at org.apache.catalina.session.StandardSession.readObjectData(StandardSession.java:987)
	at org.apache.catalina.session.StandardManager.doLoad(StandardManager.java:394)
	at org.apache.catalina.session.StandardManager.load(StandardManager.java:321)
	at org.apache.catalina.session.StandardManager.start(StandardManager.java:648)
	at org.apache.catalina.core.ContainerBase.setManager(ContainerBase.java:446)
	at org.apache.catalina.core.StandardContext.start(StandardContext.java:4630)
	at org.apache.catalina.core.ContainerBase.addChildInternal(ContainerBase.java:799)
	at org.apache.catalina.core.ContainerBase.addChild(ContainerBase.java:779)
	at org.apache.catalina.core.StandardHost.addChild(StandardHost.java:601)
	at org.apache.catalina.startup.HostConfig.deployDirectory(HostConfig.java:1079)
	at org.apache.catalina.startup.HostConfig.deployDirectories(HostConfig.java:1002)
	at org.apache.catalina.startup.HostConfig.deployApps(HostConfig.java:506)
	at org.apache.catalina.startup.HostConfig.start(HostConfig.java:1315)
	at org.apache.catalina.startup.HostConfig.lifecycleEvent(HostConfig.java:324)
	at org.apache.catalina.util.LifecycleSupport.fireLifecycleEvent(LifecycleSupport.java:142)
	at org.apache.catalina.core.ContainerBase.start(ContainerBase.java:1061)
	at org.apache.catalina.core.StandardHost.start(StandardHost.java:840)
	at org.apache.catalina.core.ContainerBase.start(ContainerBase.java:1053)
	at org.apache.catalina.core.StandardEngine.start(StandardEngine.java:463)
	at org.apache.catalina.core.StandardService.start(StandardService.java:525)
	at org.apache.catalina.core.StandardServer.start(StandardServer.java:754)
	at org.apache.catalina.startup.Catalina.start(Catalina.java:595)
	at sun.reflect.NativeMethodAccessorImpl.invoke0(Native Method)
	at sun.reflect.NativeMethodAccessorImpl.invoke(NativeMethodAccessorImpl.java:39)
	at sun.reflect.DelegatingMethodAccessorImpl.invoke(DelegatingMethodAccessorImpl.java:25)
	at java.lang.reflect.Method.invoke(Method.java:597)
	at org.apache.catalina.startup.Bootstrap.start(Bootstrap.java:289)
	at org.apache.catalina.startup.Bootstrap.main(Bootstrap.java:414)
Caused by: java.io.NotSerializableException: com.tht.person.People
	at java.io.ObjectOutputStream.writeObject0(ObjectOutputStream.java:1164)
	at java.io.ObjectOutputStream.writeObject(ObjectOutputStream.java:330)
	at java.util.ArrayList.writeObject(ArrayList.java:570)
	at sun.reflect.NativeMethodAccessorImpl.invoke0(Native Method)
	at sun.reflect.NativeMethodAccessorImpl.invoke(NativeMethodAccessorImpl.java:39)
	at sun.reflect.DelegatingMethodAccessorImpl.invoke(DelegatingMethodAccessorImpl.java:25)
	at java.lang.reflect.Method.invoke(Method.java:597)
	at java.io.ObjectStreamClass.invokeWriteObject(ObjectStreamClass.java:945)
	at java.io.ObjectOutputStream.writeSerialData(ObjectOutputStream.java:1469)
	at java.io.ObjectOutputStream.writeOrdinaryObject(ObjectOutputStream.java:1400)
	at java.io.ObjectOutputStream.writeObject0(ObjectOutputStream.java:1158)
	at java.io.ObjectOutputStream.writeObject(ObjectOutputStream.java:330)
	at org.apache.catalina.session.StandardSession.writeObject(StandardSession.java:1561)
	at org.apache.catalina.session.StandardSession.writeObjectData(StandardSession.java:1004)
	at org.apache.catalina.session.StandardManager.doUnload(StandardManager.java:528)
	at org.apache.catalina.session.StandardManager.unload(StandardManager.java:469)
	at org.apache.catalina.session.StandardManager.stop(StandardManager.java:678)
	at org.apache.catalina.core.StandardContext.stop(StandardContext.java:4875)
	at org.apache.catalina.core.ContainerBase.removeChild(ContainerBase.java:932)
	at org.apache.catalina.startup.HostConfig.undeployApps(HostConfig.java:1357)
	at org.apache.catalina.startup.HostConfig.stop(HostConfig.java:1328)
	at org.apache.catalina.startup.HostConfig.lifecycleEvent(HostConfig.java:326)
	at org.apache.catalina.util.LifecycleSupport.fireLifecycleEvent(LifecycleSupport.java:142)
	at org.apache.catalina.core.ContainerBase.stop(ContainerBase.java:1094)
	at org.apache.catalina.core.ContainerBase.stop(ContainerBase.java:1106)
	at org.apache.catalina.core.StandardEngine.stop(StandardEngine.java:468)
	at org.apache.catalina.core.StandardService.stop(StandardService.java:604)
	at org.apache.catalina.core.StandardServer.stop(StandardServer.java:788)
	at org.apache.catalina.startup.Catalina.stop(Catalina.java:662)
	at org.apache.catalina.startup.Catalina.start(Catalina.java:629)
	... 6 more
2011/11/12 下午 11:24:28 org.apache.coyote.http11.Http11Protocol start
資訊: Starting Coyote HTTP/1.1 on http-8080
2011/11/12 下午 11:24:28 org.apache.jk.common.ChannelSocket init
資訊: JK: ajp13 listening on /0.0.0.0:8009
2011/11/12 下午 11:24:28 org.apache.jk.server.JkMain start
資訊: Jk running ID=0 time=0/19  config=null
2011/11/12 下午 11:24:28 org.apache.catalina.startup.Catalina start
資訊: Server startup in 1164 ms
