二月 11, 2012 12:49:28 下午 org.apache.catalina.core.AprLifecycleListener init
資訊: The APR based Apache Tomcat Native library which allows optimal performance in production environments was not found on the java.library.path: C:\Program Files\Java\jdk1.7.0_01\bin;C:\Windows\Sun\Java\bin;C:\Windows\system32;C:\Windows;C:\Program Files\Common Files\Microsoft Shared\Windows Live;C:\Program Files (x86)\Common Files\Microsoft Shared\Windows Live;C:\Windows\system32;C:\Windows;C:\Windows\System32\Wbem;C:\Windows\System32\WindowsPowerShell\v1.0\;C:\Program Files (x86)\Windows Live\Shared;.
二月 11, 2012 12:49:29 下午 org.apache.coyote.http11.Http11Protocol init
資訊: Initializing Coyote HTTP/1.1 on http-8080
二月 11, 2012 12:49:29 下午 org.apache.catalina.startup.Catalina load
資訊: Initialization processed in 653 ms
二月 11, 2012 12:49:29 下午 org.apache.catalina.core.StandardService start
資訊: Starting service Catalina
二月 11, 2012 12:49:29 下午 org.apache.catalina.core.StandardEngine start
資訊: Starting Servlet Engine: Apache Tomcat/6.0.32
二月 11, 2012 12:49:29 下午 org.apache.catalina.startup.HostConfig deployDescriptor
資訊: Deploying configuration descriptor host-manager.xml
二月 11, 2012 12:49:29 下午 org.apache.catalina.startup.HostConfig deployDescriptor
資訊: Deploying configuration descriptor manager.xml
二月 11, 2012 12:49:29 下午 org.apache.catalina.startup.HostConfig deployDirectory
資訊: Deploying web application directory docs
二月 11, 2012 12:49:29 下午 org.apache.catalina.startup.HostConfig deployDirectory
資訊: Deploying web application directory examples
二月 11, 2012 12:49:30 下午 org.apache.catalina.startup.HostConfig deployDirectory
資訊: Deploying web application directory ROOT
二月 11, 2012 12:49:30 下午 org.apache.coyote.http11.Http11Protocol start
資訊: Starting Coyote HTTP/1.1 on http-8080
二月 11, 2012 12:49:30 下午 org.apache.jk.common.ChannelSocket init
資訊: JK: ajp13 listening on /0.0.0.0:8009
二月 11, 2012 12:49:30 下午 org.apache.jk.server.JkMain start
資訊: Jk running ID=0 time=0/20  config=null
二月 11, 2012 12:49:30 下午 org.apache.catalina.startup.Catalina start
資訊: Server startup in 1713 ms
