十二月 01, 2011 2:39:12 下午 org.apache.catalina.core.AprLifecycleListener init
資訊: The APR based Apache Tomcat Native library which allows optimal performance in production environments was not found on the java.library.path: C:\Program Files\Java\jdk1.7.0_01\bin;C:\Windows\Sun\Java\bin;C:\Windows\system32;C:\Windows;C:\Program Files\Common Files\Microsoft Shared\Windows Live;C:\Program Files (x86)\Common Files\Microsoft Shared\Windows Live;C:\Windows\system32;C:\Windows;C:\Windows\System32\Wbem;C:\Windows\System32\WindowsPowerShell\v1.0\;C:\Program Files (x86)\Windows Live\Shared;.
十二月 01, 2011 2:39:13 下午 org.apache.coyote.http11.Http11Protocol init
資訊: Initializing Coyote HTTP/1.1 on http-8080
十二月 01, 2011 2:39:14 下午 org.apache.catalina.startup.Catalina load
資訊: Initialization processed in 2187 ms
十二月 01, 2011 2:39:14 下午 org.apache.catalina.core.StandardService start
資訊: Starting service Catalina
十二月 01, 2011 2:39:14 下午 org.apache.catalina.core.StandardEngine start
資訊: Starting Servlet Engine: Apache Tomcat/6.0.32
十二月 01, 2011 2:39:14 下午 org.apache.catalina.startup.HostConfig deployDescriptor
資訊: Deploying configuration descriptor host-manager.xml
十二月 01, 2011 2:39:14 下午 org.apache.catalina.startup.HostConfig deployDescriptor
資訊: Deploying configuration descriptor manager.xml
十二月 01, 2011 2:39:14 下午 org.apache.catalina.startup.HostConfig deployDirectory
資訊: Deploying web application directory docs
十二月 01, 2011 2:39:14 下午 org.apache.catalina.startup.HostConfig deployDirectory
資訊: Deploying web application directory examples
十二月 01, 2011 2:39:15 下午 org.apache.catalina.startup.HostConfig deployDirectory
資訊: Deploying web application directory ROOT
十二月 01, 2011 2:39:15 下午 org.apache.coyote.http11.Http11Protocol start
資訊: Starting Coyote HTTP/1.1 on http-8080
十二月 01, 2011 2:39:15 下午 org.apache.jk.common.ChannelSocket init
資訊: JK: ajp13 listening on /0.0.0.0:8009
十二月 01, 2011 2:39:15 下午 org.apache.jk.server.JkMain start
資訊: Jk running ID=0 time=0/47  config=null
十二月 01, 2011 2:39:15 下午 org.apache.catalina.startup.Catalina start
資訊: Server startup in 1634 ms
十二月 01, 2011 3:04:19 下午 org.apache.catalina.core.AprLifecycleListener init
資訊: The APR based Apache Tomcat Native library which allows optimal performance in production environments was not found on the java.library.path: C:\Program Files\Java\jdk1.7.0_01\bin;C:\Windows\Sun\Java\bin;C:\Windows\system32;C:\Windows;C:\Program Files\Common Files\Microsoft Shared\Windows Live;C:\Program Files (x86)\Common Files\Microsoft Shared\Windows Live;C:\Windows\system32;C:\Windows;C:\Windows\System32\Wbem;C:\Windows\System32\WindowsPowerShell\v1.0\;C:\Program Files (x86)\Windows Live\Shared;.
十二月 01, 2011 3:04:20 下午 org.apache.coyote.http11.Http11Protocol init
資訊: Initializing Coyote HTTP/1.1 on http-8080
十二月 01, 2011 3:04:20 下午 org.apache.catalina.startup.Catalina load
資訊: Initialization processed in 1203 ms
十二月 01, 2011 3:04:20 下午 org.apache.catalina.core.StandardService start
資訊: Starting service Catalina
十二月 01, 2011 3:04:20 下午 org.apache.catalina.core.StandardEngine start
資訊: Starting Servlet Engine: Apache Tomcat/6.0.32
十二月 01, 2011 3:04:20 下午 org.apache.catalina.startup.HostConfig deployDescriptor
資訊: Deploying configuration descriptor host-manager.xml
十二月 01, 2011 3:04:20 下午 org.apache.catalina.startup.HostConfig deployDescriptor
資訊: Deploying configuration descriptor manager.xml
十二月 01, 2011 3:04:21 下午 org.apache.catalina.startup.HostConfig deployDirectory
資訊: Deploying web application directory docs
十二月 01, 2011 3:04:21 下午 org.apache.catalina.startup.HostConfig deployDirectory
資訊: Deploying web application directory examples
十二月 01, 2011 3:04:21 下午 org.apache.catalina.startup.HostConfig deployDirectory
資訊: Deploying web application directory ROOT
十二月 01, 2011 3:04:21 下午 org.apache.coyote.http11.Http11Protocol start
資訊: Starting Coyote HTTP/1.1 on http-8080
十二月 01, 2011 3:04:21 下午 org.apache.jk.common.ChannelSocket init
資訊: JK: ajp13 listening on /0.0.0.0:8009
十二月 01, 2011 3:04:21 下午 org.apache.jk.server.JkMain start
資訊: Jk running ID=0 time=0/31  config=null
十二月 01, 2011 3:04:21 下午 org.apache.catalina.startup.Catalina start
資訊: Server startup in 998 ms
十二月 01, 2011 3:08:24 下午 org.apache.catalina.core.AprLifecycleListener init
資訊: The APR based Apache Tomcat Native library which allows optimal performance in production environments was not found on the java.library.path: C:\Program Files\Java\jdk1.7.0_01\bin;C:\Windows\Sun\Java\bin;C:\Windows\system32;C:\Windows;C:\Program Files\Common Files\Microsoft Shared\Windows Live;C:\Program Files (x86)\Common Files\Microsoft Shared\Windows Live;C:\Windows\system32;C:\Windows;C:\Windows\System32\Wbem;C:\Windows\System32\WindowsPowerShell\v1.0\;C:\Program Files (x86)\Windows Live\Shared;.
十二月 01, 2011 3:08:24 下午 org.apache.coyote.http11.Http11Protocol init
資訊: Initializing Coyote HTTP/1.1 on http-8080
十二月 01, 2011 3:08:24 下午 org.apache.catalina.startup.Catalina load
資訊: Initialization processed in 547 ms
十二月 01, 2011 3:08:24 下午 org.apache.catalina.core.StandardService start
資訊: Starting service Catalina
十二月 01, 2011 3:08:24 下午 org.apache.catalina.core.StandardEngine start
資訊: Starting Servlet Engine: Apache Tomcat/6.0.32
十二月 01, 2011 3:08:24 下午 org.apache.catalina.startup.HostConfig deployDescriptor
資訊: Deploying configuration descriptor host-manager.xml
十二月 01, 2011 3:08:24 下午 org.apache.catalina.startup.HostConfig deployDescriptor
資訊: Deploying configuration descriptor manager.xml
十二月 01, 2011 3:08:24 下午 org.apache.catalina.startup.HostConfig deployDirectory
資訊: Deploying web application directory docs
十二月 01, 2011 3:08:24 下午 org.apache.catalina.startup.HostConfig deployDirectory
資訊: Deploying web application directory examples
十二月 01, 2011 3:08:25 下午 org.apache.catalina.startup.HostConfig deployDirectory
資訊: Deploying web application directory ROOT
十二月 01, 2011 3:08:25 下午 org.apache.coyote.http11.Http11Protocol start
資訊: Starting Coyote HTTP/1.1 on http-8080
十二月 01, 2011 3:08:25 下午 org.apache.jk.common.ChannelSocket init
資訊: JK: ajp13 listening on /0.0.0.0:8009
十二月 01, 2011 3:08:25 下午 org.apache.jk.server.JkMain start
資訊: Jk running ID=0 time=0/23  config=null
十二月 01, 2011 3:08:25 下午 org.apache.catalina.startup.Catalina start
資訊: Server startup in 663 ms
