2011/8/27 上午 10:09:06 org.apache.catalina.core.AprLifecycleListener init
資訊: The APR based Apache Tomcat Native library which allows optimal performance in production environments was not found on the java.library.path: .:/Library/Java/Extensions:/System/Library/Java/Extensions:/usr/lib/java
2011/8/27 上午 10:09:07 org.apache.coyote.http11.Http11Protocol init
資訊: Initializing Coyote HTTP/1.1 on http-8080
2011/8/27 上午 10:09:07 org.apache.catalina.startup.Catalina load
資訊: Initialization processed in 1113 ms
2011/8/27 上午 10:09:07 org.apache.catalina.core.StandardService start
資訊: Starting service Catalina
2011/8/27 上午 10:09:07 org.apache.catalina.core.StandardEngine start
資訊: Starting Servlet Engine: Apache Tomcat/6.0.32
2011/8/27 上午 10:09:07 org.apache.catalina.startup.HostConfig deployDescriptor
資訊: Deploying configuration descriptor host-manager.xml
2011/8/27 上午 10:09:08 org.apache.catalina.startup.HostConfig deployDescriptor
資訊: Deploying configuration descriptor manager.xml
2011/8/27 上午 10:09:08 org.apache.catalina.startup.HostConfig deployDirectory
資訊: Deploying web application directory docs
2011/8/27 上午 10:09:08 org.apache.catalina.startup.HostConfig deployDirectory
資訊: Deploying web application directory examples
2011/8/27 上午 10:09:08 org.apache.catalina.startup.HostConfig deployDirectory
資訊: Deploying web application directory ROOT
2011/8/27 上午 10:09:08 org.apache.coyote.http11.Http11Protocol start
資訊: Starting Coyote HTTP/1.1 on http-8080
2011/8/27 上午 10:09:08 org.apache.jk.common.ChannelSocket init
資訊: JK: ajp13 listening on /0.0.0.0:8009
2011/8/27 上午 10:09:08 org.apache.jk.server.JkMain start
資訊: Jk running ID=0 time=0/38  config=null
2011/8/27 上午 10:09:08 org.apache.catalina.startup.Catalina start
資訊: Server startup in 1454 ms
2011/8/27 上午 10:48:45 org.apache.coyote.http11.Http11Protocol pause
資訊: Pausing Coyote HTTP/1.1 on http-8080
2011/8/27 上午 10:48:46 org.apache.catalina.core.StandardService stop
資訊: Stopping service Catalina
2011/8/27 上午 10:48:46 org.apache.coyote.http11.Http11Protocol destroy
資訊: Stopping Coyote HTTP/1.1 on http-8080
2011/8/27 上午 10:48:48 org.apache.catalina.core.AprLifecycleListener init
資訊: The APR based Apache Tomcat Native library which allows optimal performance in production environments was not found on the java.library.path: .:/Library/Java/Extensions:/System/Library/Java/Extensions:/usr/lib/java
2011/8/27 上午 10:48:48 org.apache.coyote.http11.Http11Protocol init
資訊: Initializing Coyote HTTP/1.1 on http-8080
2011/8/27 上午 10:48:48 org.apache.catalina.startup.Catalina load
資訊: Initialization processed in 597 ms
2011/8/27 上午 10:48:48 org.apache.catalina.core.StandardService start
資訊: Starting service Catalina
2011/8/27 上午 10:48:48 org.apache.catalina.core.StandardEngine start
資訊: Starting Servlet Engine: Apache Tomcat/6.0.32
2011/8/27 上午 10:48:48 org.apache.catalina.startup.HostConfig deployDescriptor
資訊: Deploying configuration descriptor host-manager.xml
2011/8/27 上午 10:48:49 org.apache.catalina.startup.HostConfig deployDescriptor
資訊: Deploying configuration descriptor manager.xml
2011/8/27 上午 10:48:49 org.apache.catalina.startup.HostConfig deployDirectory
資訊: Deploying web application directory docs
2011/8/27 上午 10:48:49 org.apache.catalina.startup.HostConfig deployDirectory
資訊: Deploying web application directory examples
2011/8/27 上午 10:48:49 org.apache.catalina.startup.HostConfig deployDirectory
資訊: Deploying web application directory ROOT
2011/8/27 上午 10:48:49 org.apache.coyote.http11.Http11Protocol start
資訊: Starting Coyote HTTP/1.1 on http-8080
2011/8/27 上午 10:48:49 org.apache.jk.common.ChannelSocket init
資訊: JK: ajp13 listening on /0.0.0.0:8009
2011/8/27 上午 10:48:49 org.apache.jk.server.JkMain start
資訊: Jk running ID=0 time=0/25  config=null
2011/8/27 上午 10:48:49 org.apache.catalina.startup.Catalina start
資訊: Server startup in 730 ms
2011/8/27 上午 10:58:09 org.apache.catalina.startup.HostConfig checkResources
資訊: Reloading context []
2011/8/27 上午 11:00:09 org.apache.catalina.startup.HostConfig checkResources
資訊: Reloading context []
2011/8/27 上午 11:00:41 org.apache.coyote.http11.Http11Protocol pause
資訊: Pausing Coyote HTTP/1.1 on http-8080
2011/8/27 上午 11:00:42 org.apache.catalina.core.StandardService stop
資訊: Stopping service Catalina
2011/8/27 上午 11:00:42 org.apache.coyote.http11.Http11Protocol destroy
資訊: Stopping Coyote HTTP/1.1 on http-8080
2011/8/27 上午 11:00:43 org.apache.catalina.core.AprLifecycleListener init
資訊: The APR based Apache Tomcat Native library which allows optimal performance in production environments was not found on the java.library.path: .:/Library/Java/Extensions:/System/Library/Java/Extensions:/usr/lib/java
2011/8/27 上午 11:00:43 org.apache.coyote.http11.Http11Protocol init
資訊: Initializing Coyote HTTP/1.1 on http-8080
2011/8/27 上午 11:00:43 org.apache.catalina.startup.Catalina load
資訊: Initialization processed in 618 ms
2011/8/27 上午 11:00:43 org.apache.catalina.core.StandardService start
資訊: Starting service Catalina
2011/8/27 上午 11:00:43 org.apache.catalina.core.StandardEngine start
資訊: Starting Servlet Engine: Apache Tomcat/6.0.32
2011/8/27 上午 11:00:43 org.apache.catalina.startup.HostConfig deployDescriptor
資訊: Deploying configuration descriptor host-manager.xml
2011/8/27 上午 11:00:43 org.apache.catalina.startup.HostConfig deployDescriptor
資訊: Deploying configuration descriptor manager.xml
2011/8/27 上午 11:00:43 org.apache.catalina.startup.HostConfig deployDirectory
資訊: Deploying web application directory docs
2011/8/27 上午 11:00:43 org.apache.catalina.startup.HostConfig deployDirectory
資訊: Deploying web application directory examples
2011/8/27 上午 11:00:43 org.apache.catalina.startup.HostConfig deployDirectory
資訊: Deploying web application directory ROOT
2011/8/27 上午 11:00:43 org.apache.catalina.loader.WebappClassLoader validateJarFile
資訊: validateJarFile(/Users/Mac/MyProject/THT/tomcat/webapps/ROOT/WEB-INF/lib/servlet-api.jar) - jar not loaded. See Servlet Spec 2.3, section 9.7.2. Offending class: javax/servlet/Servlet.class
2011/8/27 上午 11:00:44 org.apache.coyote.http11.Http11Protocol start
資訊: Starting Coyote HTTP/1.1 on http-8080
2011/8/27 上午 11:00:44 org.apache.jk.common.ChannelSocket init
資訊: JK: ajp13 listening on /0.0.0.0:8009
2011/8/27 上午 11:00:44 org.apache.jk.server.JkMain start
資訊: Jk running ID=0 time=0/19  config=null
2011/8/27 上午 11:00:44 org.apache.catalina.startup.Catalina start
資訊: Server startup in 903 ms
2011/8/27 上午 11:01:59 org.apache.coyote.http11.Http11Protocol pause
資訊: Pausing Coyote HTTP/1.1 on http-8080
2011/8/27 上午 11:02:00 org.apache.catalina.core.StandardService stop
資訊: Stopping service Catalina
2011/8/27 上午 11:02:00 org.apache.coyote.http11.Http11Protocol destroy
資訊: Stopping Coyote HTTP/1.1 on http-8080
