2011/8/7 上午 05:43:56 org.apache.catalina.core.AprLifecycleListener init
資訊: The APR based Apache Tomcat Native library which allows optimal performance in production environments was not found on the java.library.path: .:/Library/Java/Extensions:/System/Library/Java/Extensions:/usr/lib/java
2011/8/7 上午 05:43:56 org.apache.coyote.http11.Http11Protocol init
資訊: Initializing Coyote HTTP/1.1 on http-8080
2011/8/7 上午 05:43:56 org.apache.catalina.startup.Catalina load
資訊: Initialization processed in 1027 ms
2011/8/7 上午 05:43:57 org.apache.catalina.core.StandardService start
資訊: Starting service Catalina
2011/8/7 上午 05:43:57 org.apache.catalina.core.StandardEngine start
資訊: Starting Servlet Engine: Apache Tomcat/6.0.32
2011/8/7 上午 05:43:57 org.apache.catalina.startup.HostConfig deployDescriptor
資訊: Deploying configuration descriptor host-manager.xml
2011/8/7 上午 05:43:57 org.apache.catalina.startup.HostConfig deployDescriptor
資訊: Deploying configuration descriptor manager.xml
2011/8/7 上午 05:43:57 org.apache.catalina.startup.HostConfig deployDirectory
資訊: Deploying web application directory docs
2011/8/7 上午 05:43:57 org.apache.catalina.startup.HostConfig deployDirectory
資訊: Deploying web application directory examples
2011/8/7 上午 05:43:58 org.apache.catalina.startup.HostConfig deployDirectory
資訊: Deploying web application directory ROOT
2011/8/7 上午 05:43:58 org.apache.coyote.http11.Http11Protocol start
資訊: Starting Coyote HTTP/1.1 on http-8080
2011/8/7 上午 05:43:59 org.apache.jk.common.ChannelSocket init
資訊: JK: ajp13 listening on /0.0.0.0:8009
2011/8/7 上午 05:43:59 org.apache.jk.server.JkMain start
資訊: Jk running ID=0 time=0/311  config=null
2011/8/7 上午 05:43:59 org.apache.catalina.startup.Catalina start
資訊: Server startup in 2408 ms
2011/8/7 上午 08:41:52 org.apache.coyote.http11.Http11Protocol pause
資訊: Pausing Coyote HTTP/1.1 on http-8080
2011/8/7 上午 08:41:53 org.apache.catalina.core.StandardService stop
資訊: Stopping service Catalina
2011/8/7 上午 08:41:53 org.apache.coyote.http11.Http11Protocol destroy
資訊: Stopping Coyote HTTP/1.1 on http-8080
2011/8/7 上午 10:17:32 org.apache.catalina.core.AprLifecycleListener init
資訊: The APR based Apache Tomcat Native library which allows optimal performance in production environments was not found on the java.library.path: .:/Library/Java/Extensions:/System/Library/Java/Extensions:/usr/lib/java
2011/8/7 上午 10:17:33 org.apache.coyote.http11.Http11Protocol init
資訊: Initializing Coyote HTTP/1.1 on http-8080
2011/8/7 上午 10:17:33 org.apache.catalina.startup.Catalina load
資訊: Initialization processed in 2811 ms
2011/8/7 上午 10:17:34 org.apache.catalina.core.StandardService start
資訊: Starting service Catalina
2011/8/7 上午 10:17:34 org.apache.catalina.core.StandardEngine start
資訊: Starting Servlet Engine: Apache Tomcat/6.0.32
2011/8/7 上午 10:17:34 org.apache.catalina.startup.HostConfig deployDescriptor
資訊: Deploying configuration descriptor host-manager.xml
2011/8/7 上午 10:17:35 org.apache.catalina.startup.HostConfig deployDescriptor
資訊: Deploying configuration descriptor manager.xml
2011/8/7 上午 10:17:35 org.apache.catalina.startup.HostConfig deployDirectory
資訊: Deploying web application directory docs
2011/8/7 上午 10:17:35 org.apache.catalina.startup.HostConfig deployDirectory
資訊: Deploying web application directory examples
2011/8/7 上午 10:17:35 org.apache.catalina.startup.HostConfig deployDirectory
資訊: Deploying web application directory ROOT
2011/8/7 上午 10:17:35 org.apache.coyote.http11.Http11Protocol start
資訊: Starting Coyote HTTP/1.1 on http-8080
2011/8/7 上午 10:17:36 org.apache.jk.common.ChannelSocket init
資訊: JK: ajp13 listening on /0.0.0.0:8009
2011/8/7 上午 10:17:36 org.apache.jk.server.JkMain start
資訊: Jk running ID=0 time=0/55  config=null
2011/8/7 上午 10:17:36 org.apache.catalina.startup.Catalina start
資訊: Server startup in 2149 ms
2011/8/7 上午 10:17:36 org.apache.catalina.core.AprLifecycleListener init
資訊: The APR based Apache Tomcat Native library which allows optimal performance in production environments was not found on the java.library.path: .:/Library/Java/Extensions:/System/Library/Java/Extensions:/usr/lib/java
2011/8/7 上午 10:17:36 org.apache.coyote.http11.Http11Protocol init
嚴重的: Error initializing endpoint
java.net.BindException: Address already in use <null>:8080
	at org.apache.tomcat.util.net.JIoEndpoint.init(JIoEndpoint.java:549)
	at org.apache.coyote.http11.Http11Protocol.init(Http11Protocol.java:176)
	at org.apache.catalina.connector.Connector.initialize(Connector.java:1022)
	at org.apache.catalina.core.StandardService.initialize(StandardService.java:703)
	at org.apache.catalina.core.StandardServer.initialize(StandardServer.java:838)
	at org.apache.catalina.startup.Catalina.load(Catalina.java:538)
	at org.apache.catalina.startup.Catalina.load(Catalina.java:562)
	at sun.reflect.NativeMethodAccessorImpl.invoke0(Native Method)
	at sun.reflect.NativeMethodAccessorImpl.invoke(NativeMethodAccessorImpl.java:39)
	at sun.reflect.DelegatingMethodAccessorImpl.invoke(DelegatingMethodAccessorImpl.java:25)
	at java.lang.reflect.Method.invoke(Method.java:597)
	at org.apache.catalina.startup.Bootstrap.load(Bootstrap.java:261)
	at org.apache.catalina.startup.Bootstrap.main(Bootstrap.java:413)
Caused by: java.net.BindException: Address already in use
	at java.net.PlainSocketImpl.socketBind(Native Method)
	at java.net.PlainSocketImpl.bind(PlainSocketImpl.java:383)
	at java.net.ServerSocket.bind(ServerSocket.java:328)
	at java.net.ServerSocket.<init>(ServerSocket.java:194)
	at java.net.ServerSocket.<init>(ServerSocket.java:150)
	at org.apache.tomcat.util.net.DefaultServerSocketFactory.createSocket(DefaultServerSocketFactory.java:50)
	at org.apache.tomcat.util.net.JIoEndpoint.init(JIoEndpoint.java:538)
	... 12 more
2011/8/7 上午 10:17:36 org.apache.catalina.core.StandardService initialize
嚴重的: Failed to initialize connector [Connector[HTTP/1.1-8080]]
LifecycleException:  Protocol handler initialization failed: java.net.BindException: Address already in use <null>:8080
	at org.apache.catalina.connector.Connector.initialize(Connector.java:1024)
	at org.apache.catalina.core.StandardService.initialize(StandardService.java:703)
	at org.apache.catalina.core.StandardServer.initialize(StandardServer.java:838)
	at org.apache.catalina.startup.Catalina.load(Catalina.java:538)
	at org.apache.catalina.startup.Catalina.load(Catalina.java:562)
	at sun.reflect.NativeMethodAccessorImpl.invoke0(Native Method)
	at sun.reflect.NativeMethodAccessorImpl.invoke(NativeMethodAccessorImpl.java:39)
	at sun.reflect.DelegatingMethodAccessorImpl.invoke(DelegatingMethodAccessorImpl.java:25)
	at java.lang.reflect.Method.invoke(Method.java:597)
	at org.apache.catalina.startup.Bootstrap.load(Bootstrap.java:261)
	at org.apache.catalina.startup.Bootstrap.main(Bootstrap.java:413)
2011/8/7 上午 10:17:36 org.apache.catalina.startup.Catalina load
資訊: Initialization processed in 720 ms
2011/8/7 上午 10:17:36 org.apache.catalina.core.StandardService start
資訊: Starting service Catalina
2011/8/7 上午 10:17:36 org.apache.catalina.core.StandardEngine start
資訊: Starting Servlet Engine: Apache Tomcat/6.0.32
2011/8/7 上午 10:17:36 org.apache.catalina.startup.HostConfig deployDescriptor
資訊: Deploying configuration descriptor host-manager.xml
2011/8/7 上午 10:17:37 org.apache.catalina.startup.HostConfig deployDescriptor
資訊: Deploying configuration descriptor manager.xml
2011/8/7 上午 10:17:37 org.apache.catalina.startup.HostConfig deployDirectory
資訊: Deploying web application directory docs
2011/8/7 上午 10:17:37 org.apache.catalina.startup.HostConfig deployDirectory
資訊: Deploying web application directory examples
2011/8/7 上午 10:17:37 org.apache.catalina.startup.HostConfig deployDirectory
資訊: Deploying web application directory ROOT
2011/8/7 上午 10:17:37 org.apache.coyote.http11.Http11Protocol start
嚴重的: Error starting endpoint
java.net.BindException: Address already in use <null>:8080
	at org.apache.tomcat.util.net.JIoEndpoint.init(JIoEndpoint.java:549)
	at org.apache.tomcat.util.net.JIoEndpoint.start(JIoEndpoint.java:565)
	at org.apache.coyote.http11.Http11Protocol.start(Http11Protocol.java:203)
	at org.apache.catalina.connector.Connector.start(Connector.java:1095)
	at org.apache.catalina.core.StandardService.start(StandardService.java:540)
	at org.apache.catalina.core.StandardServer.start(StandardServer.java:754)
	at org.apache.catalina.startup.Catalina.start(Catalina.java:595)
	at sun.reflect.NativeMethodAccessorImpl.invoke0(Native Method)
	at sun.reflect.NativeMethodAccessorImpl.invoke(NativeMethodAccessorImpl.java:39)
	at sun.reflect.DelegatingMethodAccessorImpl.invoke(DelegatingMethodAccessorImpl.java:25)
	at java.lang.reflect.Method.invoke(Method.java:597)
	at org.apache.catalina.startup.Bootstrap.start(Bootstrap.java:289)
	at org.apache.catalina.startup.Bootstrap.main(Bootstrap.java:414)
Caused by: java.net.BindException: Address already in use
	at java.net.PlainSocketImpl.socketBind(Native Method)
	at java.net.PlainSocketImpl.bind(PlainSocketImpl.java:383)
	at java.net.ServerSocket.bind(ServerSocket.java:328)
	at java.net.ServerSocket.<init>(ServerSocket.java:194)
	at java.net.ServerSocket.<init>(ServerSocket.java:150)
	at org.apache.tomcat.util.net.DefaultServerSocketFactory.createSocket(DefaultServerSocketFactory.java:50)
	at org.apache.tomcat.util.net.JIoEndpoint.init(JIoEndpoint.java:538)
	... 12 more
2011/8/7 上午 10:17:37 org.apache.catalina.core.StandardService start
嚴重的: Failed to start connector [Connector[HTTP/1.1-8080]]
LifecycleException:  service.getName(): "Catalina";  Protocol handler start failed: java.net.BindException: Address already in use <null>:8080
	at org.apache.catalina.connector.Connector.start(Connector.java:1102)
	at org.apache.catalina.core.StandardService.start(StandardService.java:540)
	at org.apache.catalina.core.StandardServer.start(StandardServer.java:754)
	at org.apache.catalina.startup.Catalina.start(Catalina.java:595)
	at sun.reflect.NativeMethodAccessorImpl.invoke0(Native Method)
	at sun.reflect.NativeMethodAccessorImpl.invoke(NativeMethodAccessorImpl.java:39)
	at sun.reflect.DelegatingMethodAccessorImpl.invoke(DelegatingMethodAccessorImpl.java:25)
	at java.lang.reflect.Method.invoke(Method.java:597)
	at org.apache.catalina.startup.Bootstrap.start(Bootstrap.java:289)
	at org.apache.catalina.startup.Bootstrap.main(Bootstrap.java:414)
2011/8/7 上午 10:17:37 org.apache.jk.common.ChannelSocket init
資訊: Port busy 8009 java.net.BindException: Address already in use
2011/8/7 上午 10:17:37 org.apache.jk.common.ChannelSocket init
嚴重的: Can't find free port 8009 8009
2011/8/7 上午 10:17:37 org.apache.jk.server.JkMain start
資訊: Jk running ID=0 time=0/17  config=null
2011/8/7 上午 10:17:37 org.apache.catalina.startup.Catalina start
資訊: Server startup in 740 ms
2011/8/7 上午 10:17:37 org.apache.catalina.core.StandardServer await
嚴重的: StandardServer.await: create[8005]: 
java.net.BindException: Address already in use
	at java.net.PlainSocketImpl.socketBind(Native Method)
	at java.net.PlainSocketImpl.bind(PlainSocketImpl.java:383)
	at java.net.ServerSocket.bind(ServerSocket.java:328)
	at java.net.ServerSocket.<init>(ServerSocket.java:194)
	at org.apache.catalina.core.StandardServer.await(StandardServer.java:406)
	at org.apache.catalina.startup.Catalina.await(Catalina.java:676)
	at org.apache.catalina.startup.Catalina.start(Catalina.java:628)
	at sun.reflect.NativeMethodAccessorImpl.invoke0(Native Method)
	at sun.reflect.NativeMethodAccessorImpl.invoke(NativeMethodAccessorImpl.java:39)
	at sun.reflect.DelegatingMethodAccessorImpl.invoke(DelegatingMethodAccessorImpl.java:25)
	at java.lang.reflect.Method.invoke(Method.java:597)
	at org.apache.catalina.startup.Bootstrap.start(Bootstrap.java:289)
	at org.apache.catalina.startup.Bootstrap.main(Bootstrap.java:414)
2011/8/7 上午 10:17:37 org.apache.coyote.http11.Http11Protocol pause
資訊: Pausing Coyote HTTP/1.1 on http-8080
2011/8/7 上午 10:17:38 org.apache.catalina.core.StandardService stop
資訊: Stopping service Catalina
2011/8/7 上午 10:17:38 org.apache.coyote.http11.Http11Protocol destroy
資訊: Stopping Coyote HTTP/1.1 on http-8080
2011/8/7 上午 11:39:14 org.apache.coyote.http11.Http11Protocol pause
資訊: Pausing Coyote HTTP/1.1 on http-8080
2011/8/7 上午 11:39:15 org.apache.catalina.core.StandardService stop
資訊: Stopping service Catalina
2011/8/7 上午 11:39:15 org.apache.coyote.http11.Http11Protocol destroy
資訊: Stopping Coyote HTTP/1.1 on http-8080
