2011/8/31 上午 12:18:59 org.apache.catalina.core.AprLifecycleListener init
資訊: The APR based Apache Tomcat Native library which allows optimal performance in production environments was not found on the java.library.path: .:/Library/Java/Extensions:/System/Library/Java/Extensions:/usr/lib/java
2011/8/31 上午 12:18:59 org.apache.coyote.http11.Http11Protocol init
資訊: Initializing Coyote HTTP/1.1 on http-8080
2011/8/31 上午 12:18:59 org.apache.catalina.startup.Catalina load
資訊: Initialization processed in 1076 ms
2011/8/31 上午 12:18:59 org.apache.catalina.core.StandardService start
資訊: Starting service Catalina
2011/8/31 上午 12:18:59 org.apache.catalina.core.StandardEngine start
資訊: Starting Servlet Engine: Apache Tomcat/6.0.32
2011/8/31 上午 12:18:59 org.apache.catalina.startup.HostConfig deployDescriptor
資訊: Deploying configuration descriptor host-manager.xml
2011/8/31 上午 12:19:00 org.apache.catalina.startup.HostConfig deployDescriptor
資訊: Deploying configuration descriptor manager.xml
2011/8/31 上午 12:19:00 org.apache.catalina.startup.HostConfig deployDirectory
資訊: Deploying web application directory docs
2011/8/31 上午 12:19:00 org.apache.catalina.startup.HostConfig deployDirectory
資訊: Deploying web application directory examples
2011/8/31 上午 12:19:01 org.apache.catalina.startup.HostConfig deployDirectory
資訊: Deploying web application directory ROOT
2011/8/31 上午 12:19:02 org.apache.catalina.loader.WebappClassLoader validateJarFile
資訊: validateJarFile(/Users/Mac/MyProject/THT/tomcat/webapps/ROOT/WEB-INF/lib/servlet-api.jar) - jar not loaded. See Servlet Spec 2.3, section 9.7.2. Offending class: javax/servlet/Servlet.class
2011/8/31 上午 12:19:03 org.apache.coyote.http11.Http11Protocol start
資訊: Starting Coyote HTTP/1.1 on http-8080
2011/8/31 上午 12:19:03 org.apache.jk.common.ChannelSocket init
資訊: JK: ajp13 listening on /0.0.0.0:8009
2011/8/31 上午 12:19:03 org.apache.jk.server.JkMain start
資訊: Jk running ID=0 time=0/43  config=null
2011/8/31 上午 12:19:03 org.apache.catalina.startup.Catalina start
資訊: Server startup in 3411 ms
2011/8/31 上午 01:24:35 org.apache.coyote.http11.Http11Protocol pause
資訊: Pausing Coyote HTTP/1.1 on http-8080
2011/8/31 上午 01:24:36 org.apache.catalina.core.StandardService stop
資訊: Stopping service Catalina
2011/8/31 上午 01:24:36 org.apache.coyote.http11.Http11Protocol destroy
資訊: Stopping Coyote HTTP/1.1 on http-8080
