2011/11/9 下午 10:33:14 org.apache.catalina.core.AprLifecycleListener init
資訊: The APR based Apache Tomcat Native library which allows optimal performance in production environments was not found on the java.library.path: .:/Library/Java/Extensions:/System/Library/Java/Extensions:/usr/lib/java
2011/11/9 下午 10:33:15 org.apache.coyote.http11.Http11Protocol init
資訊: Initializing Coyote HTTP/1.1 on http-8080
2011/11/9 下午 10:33:15 org.apache.catalina.startup.Catalina load
資訊: Initialization processed in 1226 ms
2011/11/9 下午 10:33:15 org.apache.catalina.core.StandardService start
資訊: Starting service Catalina
2011/11/9 下午 10:33:15 org.apache.catalina.core.StandardEngine start
資訊: Starting Servlet Engine: Apache Tomcat/6.0.32
2011/11/9 下午 10:33:15 org.apache.catalina.startup.HostConfig deployDescriptor
資訊: Deploying configuration descriptor host-manager.xml
2011/11/9 下午 10:33:16 org.apache.catalina.startup.HostConfig deployDescriptor
資訊: Deploying configuration descriptor manager.xml
2011/11/9 下午 10:33:16 org.apache.catalina.startup.HostConfig deployDirectory
資訊: Deploying web application directory docs
2011/11/9 下午 10:33:16 org.apache.catalina.startup.HostConfig deployDirectory
資訊: Deploying web application directory examples
2011/11/9 下午 10:33:16 org.apache.catalina.startup.HostConfig deployDirectory
資訊: Deploying web application directory ROOT
2011/11/9 下午 10:33:16 org.apache.coyote.http11.Http11Protocol start
資訊: Starting Coyote HTTP/1.1 on http-8080
2011/11/9 下午 10:33:16 org.apache.jk.common.ChannelSocket init
資訊: JK: ajp13 listening on /0.0.0.0:8009
2011/11/9 下午 10:33:16 org.apache.jk.server.JkMain start
資訊: Jk running ID=0 time=0/21  config=null
2011/11/9 下午 10:33:16 org.apache.catalina.startup.Catalina start
資訊: Server startup in 1110 ms
2011/11/9 下午 11:41:25 org.apache.coyote.http11.Http11Protocol pause
資訊: Pausing Coyote HTTP/1.1 on http-8080
2011/11/9 下午 11:41:26 org.apache.catalina.core.StandardService stop
資訊: Stopping service Catalina
2011/11/9 下午 11:41:27 org.apache.catalina.loader.WebappClassLoader clearReferencesThreads
嚴重的: The web application [] appears to have started a thread named [Timer-14] but has failed to stop it. This is very likely to create a memory leak.
2011/11/9 下午 11:41:27 org.apache.coyote.http11.Http11Protocol destroy
資訊: Stopping Coyote HTTP/1.1 on http-8080
2011/11/9 下午 11:41:30 org.apache.catalina.core.AprLifecycleListener init
資訊: The APR based Apache Tomcat Native library which allows optimal performance in production environments was not found on the java.library.path: .:/Library/Java/Extensions:/System/Library/Java/Extensions:/usr/lib/java
2011/11/9 下午 11:41:30 org.apache.coyote.http11.Http11Protocol init
資訊: Initializing Coyote HTTP/1.1 on http-8080
2011/11/9 下午 11:41:30 org.apache.catalina.startup.Catalina load
資訊: Initialization processed in 665 ms
2011/11/9 下午 11:41:30 org.apache.catalina.core.StandardService start
資訊: Starting service Catalina
2011/11/9 下午 11:41:30 org.apache.catalina.core.StandardEngine start
資訊: Starting Servlet Engine: Apache Tomcat/6.0.32
2011/11/9 下午 11:41:30 org.apache.catalina.startup.HostConfig deployDescriptor
資訊: Deploying configuration descriptor host-manager.xml
2011/11/9 下午 11:41:31 org.apache.catalina.startup.HostConfig deployDescriptor
資訊: Deploying configuration descriptor manager.xml
2011/11/9 下午 11:41:31 org.apache.catalina.startup.HostConfig deployDirectory
資訊: Deploying web application directory docs
2011/11/9 下午 11:41:31 org.apache.catalina.startup.HostConfig deployDirectory
資訊: Deploying web application directory examples
2011/11/9 下午 11:41:31 org.apache.catalina.startup.HostConfig deployDirectory
資訊: Deploying web application directory ROOT
2011/11/9 下午 11:41:31 org.apache.coyote.http11.Http11Protocol start
資訊: Starting Coyote HTTP/1.1 on http-8080
2011/11/9 下午 11:41:31 org.apache.jk.common.ChannelSocket init
資訊: JK: ajp13 listening on /0.0.0.0:8009
2011/11/9 下午 11:41:31 org.apache.jk.server.JkMain start
資訊: Jk running ID=0 time=0/21  config=null
2011/11/9 下午 11:41:31 org.apache.catalina.startup.Catalina start
資訊: Server startup in 822 ms
