2011/11/13 下午 12:26:49 org.apache.catalina.core.ApplicationContext log
資訊: SessionListener: contextDestroyed()
2011/11/13 下午 12:26:49 org.apache.catalina.core.ApplicationContext log
資訊: ContextListener: contextDestroyed()
2011/11/13 下午 03:28:15 org.apache.catalina.core.ApplicationContext log
資訊: ContextListener: contextInitialized()
2011/11/13 下午 03:28:15 org.apache.catalina.core.ApplicationContext log
資訊: SessionListener: contextInitialized()
2011/11/13 下午 05:26:35 org.apache.catalina.core.ApplicationContext log
資訊: SessionListener: contextDestroyed()
2011/11/13 下午 05:26:35 org.apache.catalina.core.ApplicationContext log
資訊: ContextListener: contextDestroyed()
2011/11/13 下午 05:48:32 org.apache.catalina.core.ApplicationContext log
資訊: ContextListener: contextInitialized()
2011/11/13 下午 05:48:32 org.apache.catalina.core.ApplicationContext log
資訊: SessionListener: contextInitialized()
2011/11/13 下午 06:09:08 org.apache.catalina.session.StandardSession writeObject
警告: Cannot serialize session attribute search_result for session 752EE487A8E42663071C1F744D640836
java.io.NotSerializableException: com.tht.person.People
	at java.io.ObjectOutputStream.writeObject0(ObjectOutputStream.java:1164)
	at java.io.ObjectOutputStream.writeObject(ObjectOutputStream.java:330)
	at java.util.ArrayList.writeObject(ArrayList.java:570)
	at sun.reflect.NativeMethodAccessorImpl.invoke0(Native Method)
	at sun.reflect.NativeMethodAccessorImpl.invoke(NativeMethodAccessorImpl.java:39)
	at sun.reflect.DelegatingMethodAccessorImpl.invoke(DelegatingMethodAccessorImpl.java:25)
	at java.lang.reflect.Method.invoke(Method.java:597)
	at java.io.ObjectStreamClass.invokeWriteObject(ObjectStreamClass.java:945)
	at java.io.ObjectOutputStream.writeSerialData(ObjectOutputStream.java:1469)
	at java.io.ObjectOutputStream.writeOrdinaryObject(ObjectOutputStream.java:1400)
	at java.io.ObjectOutputStream.writeObject0(ObjectOutputStream.java:1158)
	at java.io.ObjectOutputStream.writeObject(ObjectOutputStream.java:330)
	at org.apache.catalina.session.StandardSession.writeObject(StandardSession.java:1561)
	at org.apache.catalina.session.StandardSession.writeObjectData(StandardSession.java:1004)
	at org.apache.catalina.session.StandardManager.doUnload(StandardManager.java:528)
	at org.apache.catalina.session.StandardManager.unload(StandardManager.java:469)
	at org.apache.catalina.session.StandardManager.stop(StandardManager.java:678)
	at org.apache.catalina.core.StandardContext.stop(StandardContext.java:4875)
	at org.apache.catalina.core.ContainerBase.removeChild(ContainerBase.java:932)
	at org.apache.catalina.startup.HostConfig.undeployApps(HostConfig.java:1357)
	at org.apache.catalina.startup.HostConfig.stop(HostConfig.java:1328)
	at org.apache.catalina.startup.HostConfig.lifecycleEvent(HostConfig.java:326)
	at org.apache.catalina.util.LifecycleSupport.fireLifecycleEvent(LifecycleSupport.java:142)
	at org.apache.catalina.core.ContainerBase.stop(ContainerBase.java:1094)
	at org.apache.catalina.core.ContainerBase.stop(ContainerBase.java:1106)
	at org.apache.catalina.core.StandardEngine.stop(StandardEngine.java:468)
	at org.apache.catalina.core.StandardService.stop(StandardService.java:604)
	at org.apache.catalina.core.StandardServer.stop(StandardServer.java:788)
	at org.apache.catalina.startup.Catalina.stop(Catalina.java:662)
	at org.apache.catalina.startup.Catalina$CatalinaShutdownHook.run(Catalina.java:706)
2011/11/13 下午 06:09:08 org.apache.catalina.core.ApplicationContext log
資訊: SessionListener: contextDestroyed()
2011/11/13 下午 06:09:08 org.apache.catalina.core.ApplicationContext log
資訊: ContextListener: contextDestroyed()
