2011/9/3 上午 11:20:22 org.apache.catalina.core.ApplicationContext log
資訊: ContextListener: contextInitialized()
2011/9/3 上午 11:20:22 org.apache.catalina.core.ApplicationContext log
資訊: SessionListener: contextInitialized()
2011/9/3 上午 11:26:00 org.apache.catalina.core.StandardWrapperValve invoke
嚴重的: Servlet.service() for servlet jsp threw exception
java.io.FileNotFoundException: /Users/Mac/MyProject/THT/tomcat/work/Catalina/localhost/_/org/apache/jsp/people/create_jsp.java (Permission denied)
	at java.io.FileOutputStream.open(Native Method)
	at java.io.FileOutputStream.<init>(FileOutputStream.java:194)
	at java.io.FileOutputStream.<init>(FileOutputStream.java:84)
	at org.apache.jasper.compiler.Compiler.setupContextWriter(Compiler.java:291)
	at org.apache.jasper.compiler.Compiler.generateJava(Compiler.java:230)
	at org.apache.jasper.compiler.Compiler.compile(Compiler.java:347)
	at org.apache.jasper.compiler.Compiler.compile(Compiler.java:327)
	at org.apache.jasper.compiler.Compiler.compile(Compiler.java:314)
	at org.apache.jasper.JspCompilationContext.compile(JspCompilationContext.java:592)
	at org.apache.jasper.servlet.JspServletWrapper.service(JspServletWrapper.java:326)
	at org.apache.jasper.servlet.JspServlet.serviceJspFile(JspServlet.java:313)
	at org.apache.jasper.servlet.JspServlet.service(JspServlet.java:260)
	at javax.servlet.http.HttpServlet.service(HttpServlet.java:717)
	at org.apache.catalina.core.ApplicationFilterChain.internalDoFilter(ApplicationFilterChain.java:290)
	at org.apache.catalina.core.ApplicationFilterChain.doFilter(ApplicationFilterChain.java:206)
	at org.apache.catalina.core.StandardWrapperValve.invoke(StandardWrapperValve.java:233)
	at org.apache.catalina.core.StandardContextValve.invoke(StandardContextValve.java:191)
	at org.apache.catalina.core.StandardHostValve.invoke(StandardHostValve.java:127)
	at org.apache.catalina.valves.ErrorReportValve.invoke(ErrorReportValve.java:102)
	at org.apache.catalina.core.StandardEngineValve.invoke(StandardEngineValve.java:109)
	at org.apache.catalina.connector.CoyoteAdapter.service(CoyoteAdapter.java:298)
	at org.apache.coyote.http11.Http11Processor.process(Http11Processor.java:859)
	at org.apache.coyote.http11.Http11Protocol$Http11ConnectionHandler.process(Http11Protocol.java:588)
	at org.apache.tomcat.util.net.JIoEndpoint$Worker.run(JIoEndpoint.java:489)
	at java.lang.Thread.run(Thread.java:680)
2011/9/3 上午 11:26:37 org.apache.catalina.core.ApplicationContext log
資訊: SessionListener: contextDestroyed()
2011/9/3 上午 11:26:37 org.apache.catalina.core.ApplicationContext log
資訊: ContextListener: contextDestroyed()
2011/9/3 上午 11:26:39 org.apache.catalina.core.ApplicationContext log
資訊: ContextListener: contextInitialized()
2011/9/3 上午 11:26:39 org.apache.catalina.core.ApplicationContext log
資訊: SessionListener: contextInitialized()
2011/9/3 上午 11:26:53 org.apache.catalina.core.StandardWrapperValve invoke
嚴重的: Servlet.service() for servlet jsp threw exception
java.io.FileNotFoundException: /Users/Mac/MyProject/THT/tomcat/work/Catalina/localhost/_/org/apache/jsp/people/create_jsp.java (Permission denied)
	at java.io.FileOutputStream.open(Native Method)
	at java.io.FileOutputStream.<init>(FileOutputStream.java:194)
	at java.io.FileOutputStream.<init>(FileOutputStream.java:84)
	at org.apache.jasper.compiler.Compiler.setupContextWriter(Compiler.java:291)
	at org.apache.jasper.compiler.Compiler.generateJava(Compiler.java:230)
	at org.apache.jasper.compiler.Compiler.compile(Compiler.java:347)
	at org.apache.jasper.compiler.Compiler.compile(Compiler.java:327)
	at org.apache.jasper.compiler.Compiler.compile(Compiler.java:314)
	at org.apache.jasper.JspCompilationContext.compile(JspCompilationContext.java:592)
	at org.apache.jasper.servlet.JspServletWrapper.service(JspServletWrapper.java:326)
	at org.apache.jasper.servlet.JspServlet.serviceJspFile(JspServlet.java:313)
	at org.apache.jasper.servlet.JspServlet.service(JspServlet.java:260)
	at javax.servlet.http.HttpServlet.service(HttpServlet.java:717)
	at org.apache.catalina.core.ApplicationFilterChain.internalDoFilter(ApplicationFilterChain.java:290)
	at org.apache.catalina.core.ApplicationFilterChain.doFilter(ApplicationFilterChain.java:206)
	at org.apache.catalina.core.StandardWrapperValve.invoke(StandardWrapperValve.java:233)
	at org.apache.catalina.core.StandardContextValve.invoke(StandardContextValve.java:191)
	at org.apache.catalina.core.StandardHostValve.invoke(StandardHostValve.java:127)
	at org.apache.catalina.valves.ErrorReportValve.invoke(ErrorReportValve.java:102)
	at org.apache.catalina.core.StandardEngineValve.invoke(StandardEngineValve.java:109)
	at org.apache.catalina.connector.CoyoteAdapter.service(CoyoteAdapter.java:298)
	at org.apache.coyote.http11.Http11Processor.process(Http11Processor.java:859)
	at org.apache.coyote.http11.Http11Protocol$Http11ConnectionHandler.process(Http11Protocol.java:588)
	at org.apache.tomcat.util.net.JIoEndpoint$Worker.run(JIoEndpoint.java:489)
	at java.lang.Thread.run(Thread.java:680)
2011/9/3 上午 11:27:35 org.apache.catalina.core.ApplicationContext log
資訊: SessionListener: contextDestroyed()
2011/9/3 上午 11:27:35 org.apache.catalina.core.ApplicationContext log
資訊: ContextListener: contextDestroyed()
2011/9/3 上午 11:27:42 org.apache.catalina.core.ApplicationContext log
資訊: ContextListener: contextInitialized()
2011/9/3 上午 11:27:42 org.apache.catalina.core.ApplicationContext log
資訊: SessionListener: contextInitialized()
2011/9/3 下午 01:26:41 org.apache.catalina.core.ApplicationContext log
資訊: SessionListener: contextDestroyed()
2011/9/3 下午 01:26:41 org.apache.catalina.core.ApplicationContext log
資訊: ContextListener: contextDestroyed()
2011/9/3 下午 01:26:43 org.apache.catalina.core.ApplicationContext log
資訊: ContextListener: contextInitialized()
2011/9/3 下午 01:26:43 org.apache.catalina.core.ApplicationContext log
資訊: SessionListener: contextInitialized()
2011/9/3 下午 01:27:32 org.apache.catalina.core.ApplicationContext log
資訊: Marking servlet PeopleServlet as unavailable
2011/9/3 下午 01:27:32 org.apache.catalina.core.ApplicationContext log
嚴重的: Error loading WebappClassLoader
  context: 
  delegate: false
  repositories:
    /WEB-INF/classes/
----------> Parent Classloader:
org.apache.catalina.loader.StandardClassLoader@7a187814
 com.servlet.PeopleServlet
java.lang.ClassNotFoundException: com.servlet.PeopleServlet
	at org.apache.catalina.loader.WebappClassLoader.loadClass(WebappClassLoader.java:1680)
	at org.apache.catalina.loader.WebappClassLoader.loadClass(WebappClassLoader.java:1526)
	at org.apache.catalina.core.StandardWrapper.loadServlet(StandardWrapper.java:1095)
	at org.apache.catalina.core.StandardWrapper.allocate(StandardWrapper.java:809)
	at org.apache.catalina.core.StandardWrapperValve.invoke(StandardWrapperValve.java:129)
	at org.apache.catalina.core.StandardContextValve.invoke(StandardContextValve.java:191)
	at org.apache.catalina.core.StandardHostValve.invoke(StandardHostValve.java:127)
	at org.apache.catalina.valves.ErrorReportValve.invoke(ErrorReportValve.java:102)
	at org.apache.catalina.core.StandardEngineValve.invoke(StandardEngineValve.java:109)
	at org.apache.catalina.connector.CoyoteAdapter.service(CoyoteAdapter.java:298)
	at org.apache.coyote.http11.Http11Processor.process(Http11Processor.java:859)
	at org.apache.coyote.http11.Http11Protocol$Http11ConnectionHandler.process(Http11Protocol.java:588)
	at org.apache.tomcat.util.net.JIoEndpoint$Worker.run(JIoEndpoint.java:489)
	at java.lang.Thread.run(Thread.java:680)
2011/9/3 下午 01:27:32 org.apache.catalina.core.StandardWrapperValve invoke
嚴重的: Allocate exception for servlet PeopleServlet
java.lang.ClassNotFoundException: com.servlet.PeopleServlet
	at org.apache.catalina.loader.WebappClassLoader.loadClass(WebappClassLoader.java:1680)
	at org.apache.catalina.loader.WebappClassLoader.loadClass(WebappClassLoader.java:1526)
	at org.apache.catalina.core.StandardWrapper.loadServlet(StandardWrapper.java:1095)
	at org.apache.catalina.core.StandardWrapper.allocate(StandardWrapper.java:809)
	at org.apache.catalina.core.StandardWrapperValve.invoke(StandardWrapperValve.java:129)
	at org.apache.catalina.core.StandardContextValve.invoke(StandardContextValve.java:191)
	at org.apache.catalina.core.StandardHostValve.invoke(StandardHostValve.java:127)
	at org.apache.catalina.valves.ErrorReportValve.invoke(ErrorReportValve.java:102)
	at org.apache.catalina.core.StandardEngineValve.invoke(StandardEngineValve.java:109)
	at org.apache.catalina.connector.CoyoteAdapter.service(CoyoteAdapter.java:298)
	at org.apache.coyote.http11.Http11Processor.process(Http11Processor.java:859)
	at org.apache.coyote.http11.Http11Protocol$Http11ConnectionHandler.process(Http11Protocol.java:588)
	at org.apache.tomcat.util.net.JIoEndpoint$Worker.run(JIoEndpoint.java:489)
	at java.lang.Thread.run(Thread.java:680)
2011/9/3 下午 01:28:37 org.apache.catalina.core.ApplicationContext log
資訊: SessionListener: contextDestroyed()
2011/9/3 下午 01:28:37 org.apache.catalina.core.ApplicationContext log
資訊: ContextListener: contextDestroyed()
2011/9/3 下午 01:28:51 org.apache.catalina.core.ApplicationContext log
資訊: ContextListener: contextInitialized()
2011/9/3 下午 01:28:51 org.apache.catalina.core.ApplicationContext log
資訊: SessionListener: contextInitialized()
2011/9/3 下午 02:04:02 org.apache.catalina.core.ApplicationContext log
資訊: SessionListener: contextDestroyed()
2011/9/3 下午 02:04:02 org.apache.catalina.core.ApplicationContext log
資訊: ContextListener: contextDestroyed()
2011/9/3 下午 09:18:46 org.apache.catalina.core.ApplicationContext log
資訊: ContextListener: contextInitialized()
2011/9/3 下午 09:18:46 org.apache.catalina.core.ApplicationContext log
資訊: SessionListener: contextInitialized()
2011/9/3 下午 09:25:00 org.apache.catalina.core.ApplicationContext log
資訊: SessionListener: contextDestroyed()
2011/9/3 下午 09:25:00 org.apache.catalina.core.ApplicationContext log
資訊: ContextListener: contextDestroyed()
2011/9/3 下午 09:25:03 org.apache.catalina.core.ApplicationContext log
資訊: ContextListener: contextInitialized()
2011/9/3 下午 09:25:03 org.apache.catalina.core.ApplicationContext log
資訊: SessionListener: contextInitialized()
2011/9/3 下午 09:31:31 org.apache.catalina.core.ApplicationContext log
資訊: SessionListener: contextDestroyed()
2011/9/3 下午 09:31:31 org.apache.catalina.core.ApplicationContext log
資訊: ContextListener: contextDestroyed()
2011/9/3 下午 09:31:33 org.apache.catalina.core.ApplicationContext log
資訊: ContextListener: contextInitialized()
2011/9/3 下午 09:31:33 org.apache.catalina.core.ApplicationContext log
資訊: SessionListener: contextInitialized()
2011/9/3 下午 09:38:26 org.apache.catalina.core.ApplicationContext log
資訊: SessionListener: contextDestroyed()
2011/9/3 下午 09:38:26 org.apache.catalina.core.ApplicationContext log
資訊: ContextListener: contextDestroyed()
2011/9/3 下午 09:38:28 org.apache.catalina.core.ApplicationContext log
資訊: ContextListener: contextInitialized()
2011/9/3 下午 09:38:28 org.apache.catalina.core.ApplicationContext log
資訊: SessionListener: contextInitialized()
2011/9/3 下午 09:46:09 org.apache.catalina.core.ApplicationContext log
資訊: SessionListener: contextDestroyed()
2011/9/3 下午 09:46:09 org.apache.catalina.core.ApplicationContext log
資訊: ContextListener: contextDestroyed()
2011/9/3 下午 09:46:11 org.apache.catalina.core.ApplicationContext log
資訊: ContextListener: contextInitialized()
2011/9/3 下午 09:46:11 org.apache.catalina.core.ApplicationContext log
資訊: SessionListener: contextInitialized()
2011/9/3 下午 10:49:46 org.apache.catalina.core.ApplicationContext log
資訊: SessionListener: contextDestroyed()
2011/9/3 下午 10:49:46 org.apache.catalina.core.ApplicationContext log
資訊: ContextListener: contextDestroyed()
2011/9/3 下午 10:49:48 org.apache.catalina.core.ApplicationContext log
資訊: ContextListener: contextInitialized()
2011/9/3 下午 10:49:48 org.apache.catalina.core.ApplicationContext log
資訊: SessionListener: contextInitialized()
2011/9/3 下午 10:56:58 org.apache.catalina.core.ApplicationContext log
資訊: SessionListener: contextDestroyed()
2011/9/3 下午 10:56:58 org.apache.catalina.core.ApplicationContext log
資訊: ContextListener: contextDestroyed()
2011/9/3 下午 10:57:00 org.apache.catalina.core.ApplicationContext log
資訊: ContextListener: contextInitialized()
2011/9/3 下午 10:57:00 org.apache.catalina.core.ApplicationContext log
資訊: SessionListener: contextInitialized()
2011/9/3 下午 10:57:44 org.apache.catalina.core.ApplicationContext log
資訊: SessionListener: contextDestroyed()
2011/9/3 下午 10:57:44 org.apache.catalina.core.ApplicationContext log
資訊: ContextListener: contextDestroyed()
2011/9/3 下午 10:57:46 org.apache.catalina.core.ApplicationContext log
資訊: ContextListener: contextInitialized()
2011/9/3 下午 10:57:46 org.apache.catalina.core.ApplicationContext log
資訊: SessionListener: contextInitialized()
2011/9/3 下午 10:59:26 org.apache.catalina.core.ApplicationContext log
資訊: SessionListener: contextDestroyed()
2011/9/3 下午 10:59:26 org.apache.catalina.core.ApplicationContext log
資訊: ContextListener: contextDestroyed()
2011/9/3 下午 10:59:28 org.apache.catalina.core.ApplicationContext log
資訊: ContextListener: contextInitialized()
2011/9/3 下午 10:59:28 org.apache.catalina.core.ApplicationContext log
資訊: SessionListener: contextInitialized()
2011/9/3 下午 11:03:21 org.apache.catalina.core.ApplicationContext log
資訊: SessionListener: contextDestroyed()
2011/9/3 下午 11:03:21 org.apache.catalina.core.ApplicationContext log
資訊: ContextListener: contextDestroyed()
2011/9/3 下午 11:03:23 org.apache.catalina.core.ApplicationContext log
資訊: ContextListener: contextInitialized()
2011/9/3 下午 11:03:23 org.apache.catalina.core.ApplicationContext log
資訊: SessionListener: contextInitialized()
2011/9/3 下午 11:04:14 org.apache.catalina.core.ApplicationContext log
資訊: SessionListener: contextDestroyed()
2011/9/3 下午 11:04:14 org.apache.catalina.core.ApplicationContext log
資訊: ContextListener: contextDestroyed()
2011/9/3 下午 11:04:15 org.apache.catalina.core.ApplicationContext log
資訊: ContextListener: contextInitialized()
2011/9/3 下午 11:04:15 org.apache.catalina.core.ApplicationContext log
資訊: SessionListener: contextInitialized()
2011/9/3 下午 11:05:20 org.apache.catalina.core.StandardWrapperValve invoke
嚴重的: Servlet.service() for servlet PeopleServlet threw exception
java.lang.ArrayIndexOutOfBoundsException: -1
	at com.util.Lauar.leapMonth(Lauar.java:161)
	at com.util.Lauar.Lunar1(Lauar.java:233)
	at com.util.Lauar.getLunarSample(Lauar.java:521)
	at com.servlet.PeopleServlet.PackageBean(PeopleServlet.java:79)
	at com.servlet.PeopleServlet.AddPeopleData(PeopleServlet.java:49)
	at com.servlet.PeopleServlet.doPost(PeopleServlet.java:40)
	at javax.servlet.http.HttpServlet.service(HttpServlet.java:637)
	at javax.servlet.http.HttpServlet.service(HttpServlet.java:717)
	at org.apache.catalina.core.ApplicationFilterChain.internalDoFilter(ApplicationFilterChain.java:290)
	at org.apache.catalina.core.ApplicationFilterChain.doFilter(ApplicationFilterChain.java:206)
	at org.apache.catalina.core.StandardWrapperValve.invoke(StandardWrapperValve.java:233)
	at org.apache.catalina.core.StandardContextValve.invoke(StandardContextValve.java:191)
	at org.apache.catalina.core.StandardHostValve.invoke(StandardHostValve.java:127)
	at org.apache.catalina.valves.ErrorReportValve.invoke(ErrorReportValve.java:102)
	at org.apache.catalina.core.StandardEngineValve.invoke(StandardEngineValve.java:109)
	at org.apache.catalina.connector.CoyoteAdapter.service(CoyoteAdapter.java:298)
	at org.apache.coyote.http11.Http11Processor.process(Http11Processor.java:859)
	at org.apache.coyote.http11.Http11Protocol$Http11ConnectionHandler.process(Http11Protocol.java:588)
	at org.apache.tomcat.util.net.JIoEndpoint$Worker.run(JIoEndpoint.java:489)
	at java.lang.Thread.run(Thread.java:680)
2011/9/3 下午 11:07:55 org.apache.catalina.core.ApplicationContext log
資訊: SessionListener: contextDestroyed()
2011/9/3 下午 11:07:55 org.apache.catalina.core.ApplicationContext log
資訊: ContextListener: contextDestroyed()
2011/9/3 下午 11:07:58 org.apache.catalina.core.ApplicationContext log
資訊: ContextListener: contextInitialized()
2011/9/3 下午 11:07:58 org.apache.catalina.core.ApplicationContext log
資訊: SessionListener: contextInitialized()
2011/9/3 下午 11:08:48 org.apache.catalina.core.StandardWrapperValve invoke
嚴重的: Servlet.service() for servlet PeopleServlet threw exception
java.lang.ArrayIndexOutOfBoundsException: -1
	at com.util.Lauar.leapMonth(Lauar.java:161)
	at com.util.Lauar.Lunar1(Lauar.java:233)
	at com.util.Lauar.getLunarSample(Lauar.java:521)
	at com.servlet.PeopleServlet.PackageBean(PeopleServlet.java:80)
	at com.servlet.PeopleServlet.AddPeopleData(PeopleServlet.java:49)
	at com.servlet.PeopleServlet.doPost(PeopleServlet.java:40)
	at javax.servlet.http.HttpServlet.service(HttpServlet.java:637)
	at javax.servlet.http.HttpServlet.service(HttpServlet.java:717)
	at org.apache.catalina.core.ApplicationFilterChain.internalDoFilter(ApplicationFilterChain.java:290)
	at org.apache.catalina.core.ApplicationFilterChain.doFilter(ApplicationFilterChain.java:206)
	at org.apache.catalina.core.StandardWrapperValve.invoke(StandardWrapperValve.java:233)
	at org.apache.catalina.core.StandardContextValve.invoke(StandardContextValve.java:191)
	at org.apache.catalina.core.StandardHostValve.invoke(StandardHostValve.java:127)
	at org.apache.catalina.valves.ErrorReportValve.invoke(ErrorReportValve.java:102)
	at org.apache.catalina.core.StandardEngineValve.invoke(StandardEngineValve.java:109)
	at org.apache.catalina.connector.CoyoteAdapter.service(CoyoteAdapter.java:298)
	at org.apache.coyote.http11.Http11Processor.process(Http11Processor.java:859)
	at org.apache.coyote.http11.Http11Protocol$Http11ConnectionHandler.process(Http11Protocol.java:588)
	at org.apache.tomcat.util.net.JIoEndpoint$Worker.run(JIoEndpoint.java:489)
	at java.lang.Thread.run(Thread.java:680)
2011/9/3 下午 11:16:34 org.apache.catalina.core.ApplicationContext log
資訊: SessionListener: contextDestroyed()
2011/9/3 下午 11:16:34 org.apache.catalina.core.ApplicationContext log
資訊: ContextListener: contextDestroyed()
2011/9/3 下午 11:16:37 org.apache.catalina.core.ApplicationContext log
資訊: ContextListener: contextInitialized()
2011/9/3 下午 11:16:37 org.apache.catalina.core.ApplicationContext log
資訊: SessionListener: contextInitialized()
