三月 07, 2012 9:26:19 上午 org.apache.catalina.core.ApplicationContext log
資訊: ContextListener: contextInitialized()
三月 07, 2012 9:26:19 上午 org.apache.catalina.core.ApplicationContext log
資訊: SessionListener: contextInitialized()
三月 07, 2012 9:26:20 上午 org.apache.catalina.core.ApplicationContext log
資訊: SessionListener: contextDestroyed()
三月 07, 2012 9:26:20 上午 org.apache.catalina.core.ApplicationContext log
資訊: ContextListener: contextDestroyed()
三月 07, 2012 9:27:36 上午 org.apache.catalina.core.ApplicationContext log
資訊: ContextListener: contextInitialized()
三月 07, 2012 9:27:36 上午 org.apache.catalina.core.ApplicationContext log
資訊: SessionListener: contextInitialized()
三月 07, 2012 9:27:37 上午 org.apache.catalina.core.ApplicationContext log
資訊: SessionListener: contextDestroyed()
三月 07, 2012 9:27:37 上午 org.apache.catalina.core.ApplicationContext log
資訊: ContextListener: contextDestroyed()
三月 07, 2012 9:30:33 上午 org.apache.catalina.core.ApplicationContext log
資訊: ContextListener: contextInitialized()
三月 07, 2012 9:30:33 上午 org.apache.catalina.core.ApplicationContext log
資訊: SessionListener: contextInitialized()
三月 07, 2012 9:30:35 上午 org.apache.catalina.core.ApplicationContext log
資訊: SessionListener: contextDestroyed()
三月 07, 2012 9:30:35 上午 org.apache.catalina.core.ApplicationContext log
資訊: ContextListener: contextDestroyed()
