十二月 15, 2011 12:23:08 上午 org.apache.catalina.core.StandardWrapperValve invoke
嚴重: Servlet.service() for servlet jsp threw exception
org.apache.jasper.JasperException: Unable to compile class for JSP: 

An error occurred at line: 87 in the jsp file: /outprint/letter.jsp
The method findMainAndMail() is undefined for the type People
84: 	float totalpic=16;
85: 	List<People> outprintPeopleList= new ArrayList<People>();
86: 	People pbean=new People();
87: 	outprintPeopleList=pbean.findMainAndMail();
88: 
89: 
90: 


Stacktrace:
	at org.apache.jasper.compiler.DefaultErrorHandler.javacError(DefaultErrorHandler.java:92)
	at org.apache.jasper.compiler.ErrorDispatcher.javacError(ErrorDispatcher.java:330)
	at org.apache.jasper.compiler.JDTCompiler.generateClass(JDTCompiler.java:439)
	at org.apache.jasper.compiler.Compiler.compile(Compiler.java:349)
	at org.apache.jasper.compiler.Compiler.compile(Compiler.java:327)
	at org.apache.jasper.compiler.Compiler.compile(Compiler.java:314)
	at org.apache.jasper.JspCompilationContext.compile(JspCompilationContext.java:592)
	at org.apache.jasper.servlet.JspServletWrapper.service(JspServletWrapper.java:326)
	at org.apache.jasper.servlet.JspServlet.serviceJspFile(JspServlet.java:313)
	at org.apache.jasper.servlet.JspServlet.service(JspServlet.java:260)
	at javax.servlet.http.HttpServlet.service(HttpServlet.java:717)
	at org.apache.catalina.core.ApplicationFilterChain.internalDoFilter(ApplicationFilterChain.java:290)
	at org.apache.catalina.core.ApplicationFilterChain.doFilter(ApplicationFilterChain.java:206)
	at org.apache.catalina.core.StandardWrapperValve.invoke(StandardWrapperValve.java:233)
	at org.apache.catalina.core.StandardContextValve.invoke(StandardContextValve.java:191)
	at org.apache.catalina.core.StandardHostValve.invoke(StandardHostValve.java:127)
	at org.apache.catalina.valves.ErrorReportValve.invoke(ErrorReportValve.java:102)
	at org.apache.catalina.core.StandardEngineValve.invoke(StandardEngineValve.java:109)
	at org.apache.catalina.connector.CoyoteAdapter.service(CoyoteAdapter.java:298)
	at org.apache.coyote.http11.Http11Processor.process(Http11Processor.java:859)
	at org.apache.coyote.http11.Http11Protocol$Http11ConnectionHandler.process(Http11Protocol.java:588)
	at org.apache.tomcat.util.net.JIoEndpoint$Worker.run(JIoEndpoint.java:489)
	at java.lang.Thread.run(Thread.java:722)

十二月 15, 2011 12:24:09 上午 org.apache.catalina.core.ApplicationContext log
資訊: ContextListener: contextInitialized()
十二月 15, 2011 12:24:09 上午 org.apache.catalina.core.ApplicationContext log
資訊: SessionListener: contextInitialized()
十二月 15, 2011 9:51:26 上午 org.apache.catalina.core.ApplicationContext log
資訊: ContextListener: contextInitialized()
十二月 15, 2011 9:51:26 上午 org.apache.catalina.core.ApplicationContext log
資訊: SessionListener: contextInitialized()
十二月 15, 2011 9:57:23 上午 org.apache.catalina.core.ApplicationContext log
資訊: ContextListener: contextInitialized()
十二月 15, 2011 9:57:23 上午 org.apache.catalina.core.ApplicationContext log
資訊: SessionListener: contextInitialized()
