2011/9/7 上午 08:15:46 org.apache.catalina.core.ApplicationContext log
資訊: SessionListener: contextDestroyed()
2011/9/7 上午 08:15:46 org.apache.catalina.core.ApplicationContext log
資訊: ContextListener: contextDestroyed()
2011/9/7 下午 02:41:07 org.apache.catalina.core.ApplicationContext log
資訊: ContextListener: contextInitialized()
2011/9/7 下午 02:41:07 org.apache.catalina.core.ApplicationContext log
資訊: SessionListener: contextInitialized()
2011/9/7 下午 04:13:40 org.apache.catalina.session.StandardSession writeObject
警告: Cannot serialize session attribute search_result for session 46C14B88F6828C328F77C8B5CB81D5D7
java.io.NotSerializableException: com.tht.person.People
	at java.io.ObjectOutputStream.writeObject0(ObjectOutputStream.java:1164)
	at java.io.ObjectOutputStream.writeObject(ObjectOutputStream.java:330)
	at java.util.ArrayList.writeObject(ArrayList.java:570)
	at sun.reflect.NativeMethodAccessorImpl.invoke0(Native Method)
	at sun.reflect.NativeMethodAccessorImpl.invoke(NativeMethodAccessorImpl.java:39)
	at sun.reflect.DelegatingMethodAccessorImpl.invoke(DelegatingMethodAccessorImpl.java:25)
	at java.lang.reflect.Method.invoke(Method.java:597)
	at java.io.ObjectStreamClass.invokeWriteObject(ObjectStreamClass.java:945)
	at java.io.ObjectOutputStream.writeSerialData(ObjectOutputStream.java:1469)
	at java.io.ObjectOutputStream.writeOrdinaryObject(ObjectOutputStream.java:1400)
	at java.io.ObjectOutputStream.writeObject0(ObjectOutputStream.java:1158)
	at java.io.ObjectOutputStream.writeObject(ObjectOutputStream.java:330)
	at org.apache.catalina.session.StandardSession.writeObject(StandardSession.java:1561)
	at org.apache.catalina.session.StandardSession.writeObjectData(StandardSession.java:1004)
	at org.apache.catalina.session.StandardManager.doUnload(StandardManager.java:528)
	at org.apache.catalina.session.StandardManager.unload(StandardManager.java:469)
	at org.apache.catalina.session.StandardManager.stop(StandardManager.java:678)
	at org.apache.catalina.core.StandardContext.stop(StandardContext.java:4875)
	at org.apache.catalina.core.ContainerBase.removeChild(ContainerBase.java:932)
	at org.apache.catalina.startup.HostConfig.undeployApps(HostConfig.java:1357)
	at org.apache.catalina.startup.HostConfig.stop(HostConfig.java:1328)
	at org.apache.catalina.startup.HostConfig.lifecycleEvent(HostConfig.java:326)
	at org.apache.catalina.util.LifecycleSupport.fireLifecycleEvent(LifecycleSupport.java:142)
	at org.apache.catalina.core.ContainerBase.stop(ContainerBase.java:1094)
	at org.apache.catalina.core.ContainerBase.stop(ContainerBase.java:1106)
	at org.apache.catalina.core.StandardEngine.stop(StandardEngine.java:468)
	at org.apache.catalina.core.StandardService.stop(StandardService.java:604)
	at org.apache.catalina.core.StandardServer.stop(StandardServer.java:788)
	at org.apache.catalina.startup.Catalina.stop(Catalina.java:662)
	at org.apache.catalina.startup.Catalina.start(Catalina.java:629)
	at sun.reflect.NativeMethodAccessorImpl.invoke0(Native Method)
	at sun.reflect.NativeMethodAccessorImpl.invoke(NativeMethodAccessorImpl.java:39)
	at sun.reflect.DelegatingMethodAccessorImpl.invoke(DelegatingMethodAccessorImpl.java:25)
	at java.lang.reflect.Method.invoke(Method.java:597)
	at org.apache.catalina.startup.Bootstrap.start(Bootstrap.java:289)
	at org.apache.catalina.startup.Bootstrap.main(Bootstrap.java:414)
2011/9/7 下午 04:13:40 org.apache.catalina.core.ApplicationContext log
資訊: SessionListener: contextDestroyed()
2011/9/7 下午 04:13:40 org.apache.catalina.core.ApplicationContext log
資訊: ContextListener: contextDestroyed()
2011/9/7 下午 04:13:48 org.apache.catalina.core.ApplicationContext log
資訊: ContextListener: contextInitialized()
2011/9/7 下午 04:13:48 org.apache.catalina.core.ApplicationContext log
資訊: SessionListener: contextInitialized()
2011/9/7 下午 04:14:41 org.apache.catalina.core.StandardWrapperValve invoke
嚴重的: Servlet.service() for servlet jsp threw exception
java.lang.NullPointerException
	at org.apache.jsp.outprint._14_005f1_jsp._jspService(_14_005f1_jsp.java:110)
	at org.apache.jasper.runtime.HttpJspBase.service(HttpJspBase.java:70)
	at javax.servlet.http.HttpServlet.service(HttpServlet.java:717)
	at org.apache.jasper.servlet.JspServletWrapper.service(JspServletWrapper.java:386)
	at org.apache.jasper.servlet.JspServlet.serviceJspFile(JspServlet.java:313)
	at org.apache.jasper.servlet.JspServlet.service(JspServlet.java:260)
	at javax.servlet.http.HttpServlet.service(HttpServlet.java:717)
	at org.apache.catalina.core.ApplicationFilterChain.internalDoFilter(ApplicationFilterChain.java:290)
	at org.apache.catalina.core.ApplicationFilterChain.doFilter(ApplicationFilterChain.java:206)
	at org.apache.catalina.core.StandardWrapperValve.invoke(StandardWrapperValve.java:233)
	at org.apache.catalina.core.StandardContextValve.invoke(StandardContextValve.java:191)
	at org.apache.catalina.core.StandardHostValve.invoke(StandardHostValve.java:127)
	at org.apache.catalina.valves.ErrorReportValve.invoke(ErrorReportValve.java:102)
	at org.apache.catalina.core.StandardEngineValve.invoke(StandardEngineValve.java:109)
	at org.apache.catalina.connector.CoyoteAdapter.service(CoyoteAdapter.java:298)
	at org.apache.coyote.http11.Http11Processor.process(Http11Processor.java:859)
	at org.apache.coyote.http11.Http11Protocol$Http11ConnectionHandler.process(Http11Protocol.java:588)
	at org.apache.tomcat.util.net.JIoEndpoint$Worker.run(JIoEndpoint.java:489)
	at java.lang.Thread.run(Thread.java:680)
2011/9/7 下午 04:17:59 org.apache.catalina.core.StandardWrapperValve invoke
嚴重的: Servlet.service() for servlet jsp threw exception
org.apache.jasper.JasperException: Unable to compile class for JSP: 

An error occurred at line: 50 in the jsp file: /outprint/14_1.jsp
Syntax error, insert ";" to complete Statement
47: 	for(Active abean:activeList){
48: 		total_peoplelist.put(abean.getPeople_id(),abean.getPeople_id());
49: 	}
50: 	out.println(total_peoplelist.size())
51: 	/*
52: 	//?芣??冽???身????嗡蜓嚗??靽???嗡蜓
53: 	for(Active abean:activeList){


Stacktrace:
	at org.apache.jasper.compiler.DefaultErrorHandler.javacError(DefaultErrorHandler.java:92)
	at org.apache.jasper.compiler.ErrorDispatcher.javacError(ErrorDispatcher.java:330)
	at org.apache.jasper.compiler.JDTCompiler.generateClass(JDTCompiler.java:439)
	at org.apache.jasper.compiler.Compiler.compile(Compiler.java:349)
	at org.apache.jasper.compiler.Compiler.compile(Compiler.java:327)
	at org.apache.jasper.compiler.Compiler.compile(Compiler.java:314)
	at org.apache.jasper.JspCompilationContext.compile(JspCompilationContext.java:592)
	at org.apache.jasper.servlet.JspServletWrapper.service(JspServletWrapper.java:326)
	at org.apache.jasper.servlet.JspServlet.serviceJspFile(JspServlet.java:313)
	at org.apache.jasper.servlet.JspServlet.service(JspServlet.java:260)
	at javax.servlet.http.HttpServlet.service(HttpServlet.java:717)
	at org.apache.catalina.core.ApplicationFilterChain.internalDoFilter(ApplicationFilterChain.java:290)
	at org.apache.catalina.core.ApplicationFilterChain.doFilter(ApplicationFilterChain.java:206)
	at org.apache.catalina.core.StandardWrapperValve.invoke(StandardWrapperValve.java:233)
	at org.apache.catalina.core.StandardContextValve.invoke(StandardContextValve.java:191)
	at org.apache.catalina.core.StandardHostValve.invoke(StandardHostValve.java:127)
	at org.apache.catalina.valves.ErrorReportValve.invoke(ErrorReportValve.java:102)
	at org.apache.catalina.core.StandardEngineValve.invoke(StandardEngineValve.java:109)
	at org.apache.catalina.connector.CoyoteAdapter.service(CoyoteAdapter.java:298)
	at org.apache.coyote.http11.Http11Processor.process(Http11Processor.java:859)
	at org.apache.coyote.http11.Http11Protocol$Http11ConnectionHandler.process(Http11Protocol.java:588)
	at org.apache.tomcat.util.net.JIoEndpoint$Worker.run(JIoEndpoint.java:489)
	at java.lang.Thread.run(Thread.java:680)
2011/9/7 下午 04:18:58 org.apache.catalina.core.StandardWrapperValve invoke
嚴重的: Servlet.service() for servlet jsp threw exception
java.lang.NullPointerException
	at org.apache.jsp.outprint._14_005f1_jsp._jspService(_14_005f1_jsp.java:111)
	at org.apache.jasper.runtime.HttpJspBase.service(HttpJspBase.java:70)
	at javax.servlet.http.HttpServlet.service(HttpServlet.java:717)
	at org.apache.jasper.servlet.JspServletWrapper.service(JspServletWrapper.java:386)
	at org.apache.jasper.servlet.JspServlet.serviceJspFile(JspServlet.java:313)
	at org.apache.jasper.servlet.JspServlet.service(JspServlet.java:260)
	at javax.servlet.http.HttpServlet.service(HttpServlet.java:717)
	at org.apache.catalina.core.ApplicationFilterChain.internalDoFilter(ApplicationFilterChain.java:290)
	at org.apache.catalina.core.ApplicationFilterChain.doFilter(ApplicationFilterChain.java:206)
	at org.apache.catalina.core.StandardWrapperValve.invoke(StandardWrapperValve.java:233)
	at org.apache.catalina.core.StandardContextValve.invoke(StandardContextValve.java:191)
	at org.apache.catalina.core.StandardHostValve.invoke(StandardHostValve.java:127)
	at org.apache.catalina.valves.ErrorReportValve.invoke(ErrorReportValve.java:102)
	at org.apache.catalina.core.StandardEngineValve.invoke(StandardEngineValve.java:109)
	at org.apache.catalina.connector.CoyoteAdapter.service(CoyoteAdapter.java:298)
	at org.apache.coyote.http11.Http11Processor.process(Http11Processor.java:859)
	at org.apache.coyote.http11.Http11Protocol$Http11ConnectionHandler.process(Http11Protocol.java:588)
	at org.apache.tomcat.util.net.JIoEndpoint$Worker.run(JIoEndpoint.java:489)
	at java.lang.Thread.run(Thread.java:680)
2011/9/7 下午 05:06:40 org.apache.catalina.core.StandardWrapperValve invoke
嚴重的: Servlet.service() for servlet jsp threw exception
java.lang.IndexOutOfBoundsException: Index: 2, Size: 2
	at java.util.ArrayList.RangeCheck(ArrayList.java:547)
	at java.util.ArrayList.get(ArrayList.java:322)
	at org.apache.jsp.outprint._14_005f1_jsp._jspService(_14_005f1_jsp.java:163)
	at org.apache.jasper.runtime.HttpJspBase.service(HttpJspBase.java:70)
	at javax.servlet.http.HttpServlet.service(HttpServlet.java:717)
	at org.apache.jasper.servlet.JspServletWrapper.service(JspServletWrapper.java:386)
	at org.apache.jasper.servlet.JspServlet.serviceJspFile(JspServlet.java:313)
	at org.apache.jasper.servlet.JspServlet.service(JspServlet.java:260)
	at javax.servlet.http.HttpServlet.service(HttpServlet.java:717)
	at org.apache.catalina.core.ApplicationFilterChain.internalDoFilter(ApplicationFilterChain.java:290)
	at org.apache.catalina.core.ApplicationFilterChain.doFilter(ApplicationFilterChain.java:206)
	at org.apache.catalina.core.StandardWrapperValve.invoke(StandardWrapperValve.java:233)
	at org.apache.catalina.core.StandardContextValve.invoke(StandardContextValve.java:191)
	at org.apache.catalina.core.StandardHostValve.invoke(StandardHostValve.java:127)
	at org.apache.catalina.valves.ErrorReportValve.invoke(ErrorReportValve.java:102)
	at org.apache.catalina.core.StandardEngineValve.invoke(StandardEngineValve.java:109)
	at org.apache.catalina.connector.CoyoteAdapter.service(CoyoteAdapter.java:298)
	at org.apache.coyote.http11.Http11Processor.process(Http11Processor.java:859)
	at org.apache.coyote.http11.Http11Protocol$Http11ConnectionHandler.process(Http11Protocol.java:588)
	at org.apache.tomcat.util.net.JIoEndpoint$Worker.run(JIoEndpoint.java:489)
	at java.lang.Thread.run(Thread.java:680)
2011/9/7 下午 06:21:21 org.apache.catalina.core.StandardWrapperValve invoke
嚴重的: Servlet.service() for servlet jsp threw exception
java.lang.IllegalAccessError: tried to access method com.util.Lauar.cyclical(I)Ljava/lang/String; from class org.apache.jsp.outprint._14_005f2_jsp
	at org.apache.jsp.outprint._14_005f2_jsp._jspService(_14_005f2_jsp.java:149)
	at org.apache.jasper.runtime.HttpJspBase.service(HttpJspBase.java:70)
	at javax.servlet.http.HttpServlet.service(HttpServlet.java:717)
	at org.apache.jasper.servlet.JspServletWrapper.service(JspServletWrapper.java:386)
	at org.apache.jasper.servlet.JspServlet.serviceJspFile(JspServlet.java:313)
	at org.apache.jasper.servlet.JspServlet.service(JspServlet.java:260)
	at javax.servlet.http.HttpServlet.service(HttpServlet.java:717)
	at org.apache.catalina.core.ApplicationFilterChain.internalDoFilter(ApplicationFilterChain.java:290)
	at org.apache.catalina.core.ApplicationFilterChain.doFilter(ApplicationFilterChain.java:206)
	at org.apache.catalina.core.StandardWrapperValve.invoke(StandardWrapperValve.java:233)
	at org.apache.catalina.core.StandardContextValve.invoke(StandardContextValve.java:191)
	at org.apache.catalina.core.StandardHostValve.invoke(StandardHostValve.java:127)
	at org.apache.catalina.valves.ErrorReportValve.invoke(ErrorReportValve.java:102)
	at org.apache.catalina.core.StandardEngineValve.invoke(StandardEngineValve.java:109)
	at org.apache.catalina.connector.CoyoteAdapter.service(CoyoteAdapter.java:298)
	at org.apache.coyote.http11.Http11Processor.process(Http11Processor.java:859)
	at org.apache.coyote.http11.Http11Protocol$Http11ConnectionHandler.process(Http11Protocol.java:588)
	at org.apache.tomcat.util.net.JIoEndpoint$Worker.run(JIoEndpoint.java:489)
	at java.lang.Thread.run(Thread.java:680)
2011/9/7 下午 06:23:41 org.apache.catalina.core.StandardWrapperValve invoke
嚴重的: Servlet.service() for servlet jsp threw exception
java.lang.IllegalAccessError: tried to access method com.util.Lauar.cyclical(I)Ljava/lang/String; from class org.apache.jsp.outprint._14_005f2_jsp
	at org.apache.jsp.outprint._14_005f2_jsp._jspService(_14_005f2_jsp.java:158)
	at org.apache.jasper.runtime.HttpJspBase.service(HttpJspBase.java:70)
	at javax.servlet.http.HttpServlet.service(HttpServlet.java:717)
	at org.apache.jasper.servlet.JspServletWrapper.service(JspServletWrapper.java:386)
	at org.apache.jasper.servlet.JspServlet.serviceJspFile(JspServlet.java:313)
	at org.apache.jasper.servlet.JspServlet.service(JspServlet.java:260)
	at javax.servlet.http.HttpServlet.service(HttpServlet.java:717)
	at org.apache.catalina.core.ApplicationFilterChain.internalDoFilter(ApplicationFilterChain.java:290)
	at org.apache.catalina.core.ApplicationFilterChain.doFilter(ApplicationFilterChain.java:206)
	at org.apache.catalina.core.StandardWrapperValve.invoke(StandardWrapperValve.java:233)
	at org.apache.catalina.core.StandardContextValve.invoke(StandardContextValve.java:191)
	at org.apache.catalina.core.StandardHostValve.invoke(StandardHostValve.java:127)
	at org.apache.catalina.valves.ErrorReportValve.invoke(ErrorReportValve.java:102)
	at org.apache.catalina.core.StandardEngineValve.invoke(StandardEngineValve.java:109)
	at org.apache.catalina.connector.CoyoteAdapter.service(CoyoteAdapter.java:298)
	at org.apache.coyote.http11.Http11Processor.process(Http11Processor.java:859)
	at org.apache.coyote.http11.Http11Protocol$Http11ConnectionHandler.process(Http11Protocol.java:588)
	at org.apache.tomcat.util.net.JIoEndpoint$Worker.run(JIoEndpoint.java:489)
	at java.lang.Thread.run(Thread.java:680)
2011/9/7 下午 06:23:59 org.apache.catalina.core.StandardWrapperValve invoke
嚴重的: Servlet.service() for servlet jsp threw exception
java.lang.IllegalAccessError: tried to access method com.util.Lauar.cyclical(I)Ljava/lang/String; from class org.apache.jsp.outprint._14_005f2_jsp
	at org.apache.jsp.outprint._14_005f2_jsp._jspService(_14_005f2_jsp.java:158)
	at org.apache.jasper.runtime.HttpJspBase.service(HttpJspBase.java:70)
	at javax.servlet.http.HttpServlet.service(HttpServlet.java:717)
	at org.apache.jasper.servlet.JspServletWrapper.service(JspServletWrapper.java:386)
	at org.apache.jasper.servlet.JspServlet.serviceJspFile(JspServlet.java:313)
	at org.apache.jasper.servlet.JspServlet.service(JspServlet.java:260)
	at javax.servlet.http.HttpServlet.service(HttpServlet.java:717)
	at org.apache.catalina.core.ApplicationFilterChain.internalDoFilter(ApplicationFilterChain.java:290)
	at org.apache.catalina.core.ApplicationFilterChain.doFilter(ApplicationFilterChain.java:206)
	at org.apache.catalina.core.StandardWrapperValve.invoke(StandardWrapperValve.java:233)
	at org.apache.catalina.core.StandardContextValve.invoke(StandardContextValve.java:191)
	at org.apache.catalina.core.StandardHostValve.invoke(StandardHostValve.java:127)
	at org.apache.catalina.valves.ErrorReportValve.invoke(ErrorReportValve.java:102)
	at org.apache.catalina.core.StandardEngineValve.invoke(StandardEngineValve.java:109)
	at org.apache.catalina.connector.CoyoteAdapter.service(CoyoteAdapter.java:298)
	at org.apache.coyote.http11.Http11Processor.process(Http11Processor.java:859)
	at org.apache.coyote.http11.Http11Protocol$Http11ConnectionHandler.process(Http11Protocol.java:588)
	at org.apache.tomcat.util.net.JIoEndpoint$Worker.run(JIoEndpoint.java:489)
	at java.lang.Thread.run(Thread.java:680)
2011/9/7 下午 06:24:27 org.apache.catalina.core.StandardWrapperValve invoke
嚴重的: Servlet.service() for servlet jsp threw exception
java.lang.IllegalAccessError: tried to access method com.util.Lauar.cyclical(I)Ljava/lang/String; from class org.apache.jsp.outprint._14_005f2_jsp
	at org.apache.jsp.outprint._14_005f2_jsp._jspService(_14_005f2_jsp.java:155)
	at org.apache.jasper.runtime.HttpJspBase.service(HttpJspBase.java:70)
	at javax.servlet.http.HttpServlet.service(HttpServlet.java:717)
	at org.apache.jasper.servlet.JspServletWrapper.service(JspServletWrapper.java:386)
	at org.apache.jasper.servlet.JspServlet.serviceJspFile(JspServlet.java:313)
	at org.apache.jasper.servlet.JspServlet.service(JspServlet.java:260)
	at javax.servlet.http.HttpServlet.service(HttpServlet.java:717)
	at org.apache.catalina.core.ApplicationFilterChain.internalDoFilter(ApplicationFilterChain.java:290)
	at org.apache.catalina.core.ApplicationFilterChain.doFilter(ApplicationFilterChain.java:206)
	at org.apache.catalina.core.StandardWrapperValve.invoke(StandardWrapperValve.java:233)
	at org.apache.catalina.core.StandardContextValve.invoke(StandardContextValve.java:191)
	at org.apache.catalina.core.StandardHostValve.invoke(StandardHostValve.java:127)
	at org.apache.catalina.valves.ErrorReportValve.invoke(ErrorReportValve.java:102)
	at org.apache.catalina.core.StandardEngineValve.invoke(StandardEngineValve.java:109)
	at org.apache.catalina.connector.CoyoteAdapter.service(CoyoteAdapter.java:298)
	at org.apache.coyote.http11.Http11Processor.process(Http11Processor.java:859)
	at org.apache.coyote.http11.Http11Protocol$Http11ConnectionHandler.process(Http11Protocol.java:588)
	at org.apache.tomcat.util.net.JIoEndpoint$Worker.run(JIoEndpoint.java:489)
	at java.lang.Thread.run(Thread.java:680)
2011/9/7 下午 06:25:43 org.apache.catalina.core.StandardWrapperValve invoke
嚴重的: Servlet.service() for servlet jsp threw exception
java.lang.IllegalAccessError: tried to access method com.util.Lauar.cyclical(I)Ljava/lang/String; from class org.apache.jsp.outprint._14_005f2_jsp
	at org.apache.jsp.outprint._14_005f2_jsp._jspService(_14_005f2_jsp.java:77)
	at org.apache.jasper.runtime.HttpJspBase.service(HttpJspBase.java:70)
	at javax.servlet.http.HttpServlet.service(HttpServlet.java:717)
	at org.apache.jasper.servlet.JspServletWrapper.service(JspServletWrapper.java:386)
	at org.apache.jasper.servlet.JspServlet.serviceJspFile(JspServlet.java:313)
	at org.apache.jasper.servlet.JspServlet.service(JspServlet.java:260)
	at javax.servlet.http.HttpServlet.service(HttpServlet.java:717)
	at org.apache.catalina.core.ApplicationFilterChain.internalDoFilter(ApplicationFilterChain.java:290)
	at org.apache.catalina.core.ApplicationFilterChain.doFilter(ApplicationFilterChain.java:206)
	at org.apache.catalina.core.StandardWrapperValve.invoke(StandardWrapperValve.java:233)
	at org.apache.catalina.core.StandardContextValve.invoke(StandardContextValve.java:191)
	at org.apache.catalina.core.StandardHostValve.invoke(StandardHostValve.java:127)
	at org.apache.catalina.valves.ErrorReportValve.invoke(ErrorReportValve.java:102)
	at org.apache.catalina.core.StandardEngineValve.invoke(StandardEngineValve.java:109)
	at org.apache.catalina.connector.CoyoteAdapter.service(CoyoteAdapter.java:298)
	at org.apache.coyote.http11.Http11Processor.process(Http11Processor.java:859)
	at org.apache.coyote.http11.Http11Protocol$Http11ConnectionHandler.process(Http11Protocol.java:588)
	at org.apache.tomcat.util.net.JIoEndpoint$Worker.run(JIoEndpoint.java:489)
	at java.lang.Thread.run(Thread.java:680)
2011/9/7 下午 06:26:02 org.apache.catalina.session.StandardSession writeObject
警告: Cannot serialize session attribute search_result for session 56D76113B4776931E3A75C5B23A82EC4
java.io.NotSerializableException: com.tht.person.People
	at java.io.ObjectOutputStream.writeObject0(ObjectOutputStream.java:1164)
	at java.io.ObjectOutputStream.writeObject(ObjectOutputStream.java:330)
	at java.util.ArrayList.writeObject(ArrayList.java:570)
	at sun.reflect.NativeMethodAccessorImpl.invoke0(Native Method)
	at sun.reflect.NativeMethodAccessorImpl.invoke(NativeMethodAccessorImpl.java:39)
	at sun.reflect.DelegatingMethodAccessorImpl.invoke(DelegatingMethodAccessorImpl.java:25)
	at java.lang.reflect.Method.invoke(Method.java:597)
	at java.io.ObjectStreamClass.invokeWriteObject(ObjectStreamClass.java:945)
	at java.io.ObjectOutputStream.writeSerialData(ObjectOutputStream.java:1469)
	at java.io.ObjectOutputStream.writeOrdinaryObject(ObjectOutputStream.java:1400)
	at java.io.ObjectOutputStream.writeObject0(ObjectOutputStream.java:1158)
	at java.io.ObjectOutputStream.writeObject(ObjectOutputStream.java:330)
	at org.apache.catalina.session.StandardSession.writeObject(StandardSession.java:1561)
	at org.apache.catalina.session.StandardSession.writeObjectData(StandardSession.java:1004)
	at org.apache.catalina.session.StandardManager.doUnload(StandardManager.java:528)
	at org.apache.catalina.session.StandardManager.unload(StandardManager.java:469)
	at org.apache.catalina.session.StandardManager.stop(StandardManager.java:678)
	at org.apache.catalina.core.StandardContext.stop(StandardContext.java:4875)
	at org.apache.catalina.core.ContainerBase.removeChild(ContainerBase.java:932)
	at org.apache.catalina.startup.HostConfig.undeployApps(HostConfig.java:1357)
	at org.apache.catalina.startup.HostConfig.stop(HostConfig.java:1328)
	at org.apache.catalina.startup.HostConfig.lifecycleEvent(HostConfig.java:326)
	at org.apache.catalina.util.LifecycleSupport.fireLifecycleEvent(LifecycleSupport.java:142)
	at org.apache.catalina.core.ContainerBase.stop(ContainerBase.java:1094)
	at org.apache.catalina.core.ContainerBase.stop(ContainerBase.java:1106)
	at org.apache.catalina.core.StandardEngine.stop(StandardEngine.java:468)
	at org.apache.catalina.core.StandardService.stop(StandardService.java:604)
	at org.apache.catalina.core.StandardServer.stop(StandardServer.java:788)
	at org.apache.catalina.startup.Catalina.stop(Catalina.java:662)
	at org.apache.catalina.startup.Catalina.start(Catalina.java:629)
	at sun.reflect.NativeMethodAccessorImpl.invoke0(Native Method)
	at sun.reflect.NativeMethodAccessorImpl.invoke(NativeMethodAccessorImpl.java:39)
	at sun.reflect.DelegatingMethodAccessorImpl.invoke(DelegatingMethodAccessorImpl.java:25)
	at java.lang.reflect.Method.invoke(Method.java:597)
	at org.apache.catalina.startup.Bootstrap.start(Bootstrap.java:289)
	at org.apache.catalina.startup.Bootstrap.main(Bootstrap.java:414)
2011/9/7 下午 06:26:02 org.apache.catalina.core.ApplicationContext log
資訊: SessionListener: contextDestroyed()
2011/9/7 下午 06:26:02 org.apache.catalina.core.ApplicationContext log
資訊: ContextListener: contextDestroyed()
2011/9/7 下午 06:26:07 org.apache.catalina.core.ApplicationContext log
資訊: ContextListener: contextInitialized()
2011/9/7 下午 06:26:07 org.apache.catalina.core.ApplicationContext log
資訊: SessionListener: contextInitialized()
2011/9/7 下午 06:43:10 org.apache.catalina.core.ApplicationContext log
資訊: SessionListener: contextDestroyed()
2011/9/7 下午 06:43:10 org.apache.catalina.core.ApplicationContext log
資訊: ContextListener: contextDestroyed()
2011/9/7 下午 08:13:13 org.apache.catalina.core.ApplicationContext log
資訊: ContextListener: contextInitialized()
2011/9/7 下午 08:13:13 org.apache.catalina.core.ApplicationContext log
資訊: SessionListener: contextInitialized()
2011/9/7 下午 09:54:12 org.apache.catalina.session.StandardSession writeObject
警告: Cannot serialize session attribute search_result for session 2B6006DA91D411AFC71A3197EF96C06A
java.io.NotSerializableException: com.tht.person.People
	at java.io.ObjectOutputStream.writeObject0(ObjectOutputStream.java:1164)
	at java.io.ObjectOutputStream.writeObject(ObjectOutputStream.java:330)
	at java.util.ArrayList.writeObject(ArrayList.java:570)
	at sun.reflect.NativeMethodAccessorImpl.invoke0(Native Method)
	at sun.reflect.NativeMethodAccessorImpl.invoke(NativeMethodAccessorImpl.java:39)
	at sun.reflect.DelegatingMethodAccessorImpl.invoke(DelegatingMethodAccessorImpl.java:25)
	at java.lang.reflect.Method.invoke(Method.java:597)
	at java.io.ObjectStreamClass.invokeWriteObject(ObjectStreamClass.java:945)
	at java.io.ObjectOutputStream.writeSerialData(ObjectOutputStream.java:1469)
	at java.io.ObjectOutputStream.writeOrdinaryObject(ObjectOutputStream.java:1400)
	at java.io.ObjectOutputStream.writeObject0(ObjectOutputStream.java:1158)
	at java.io.ObjectOutputStream.writeObject(ObjectOutputStream.java:330)
	at org.apache.catalina.session.StandardSession.writeObject(StandardSession.java:1561)
	at org.apache.catalina.session.StandardSession.writeObjectData(StandardSession.java:1004)
	at org.apache.catalina.session.StandardManager.doUnload(StandardManager.java:528)
	at org.apache.catalina.session.StandardManager.unload(StandardManager.java:469)
	at org.apache.catalina.session.StandardManager.stop(StandardManager.java:678)
	at org.apache.catalina.core.StandardContext.stop(StandardContext.java:4875)
	at org.apache.catalina.core.ContainerBase.removeChild(ContainerBase.java:932)
	at org.apache.catalina.startup.HostConfig.undeployApps(HostConfig.java:1357)
	at org.apache.catalina.startup.HostConfig.stop(HostConfig.java:1328)
	at org.apache.catalina.startup.HostConfig.lifecycleEvent(HostConfig.java:326)
	at org.apache.catalina.util.LifecycleSupport.fireLifecycleEvent(LifecycleSupport.java:142)
	at org.apache.catalina.core.ContainerBase.stop(ContainerBase.java:1094)
	at org.apache.catalina.core.ContainerBase.stop(ContainerBase.java:1106)
	at org.apache.catalina.core.StandardEngine.stop(StandardEngine.java:468)
	at org.apache.catalina.core.StandardService.stop(StandardService.java:604)
	at org.apache.catalina.core.StandardServer.stop(StandardServer.java:788)
	at org.apache.catalina.startup.Catalina.stop(Catalina.java:662)
	at org.apache.catalina.startup.Catalina.start(Catalina.java:629)
	at sun.reflect.NativeMethodAccessorImpl.invoke0(Native Method)
	at sun.reflect.NativeMethodAccessorImpl.invoke(NativeMethodAccessorImpl.java:39)
	at sun.reflect.DelegatingMethodAccessorImpl.invoke(DelegatingMethodAccessorImpl.java:25)
	at java.lang.reflect.Method.invoke(Method.java:597)
	at org.apache.catalina.startup.Bootstrap.start(Bootstrap.java:289)
	at org.apache.catalina.startup.Bootstrap.main(Bootstrap.java:414)
2011/9/7 下午 09:54:12 org.apache.catalina.core.ApplicationContext log
資訊: SessionListener: contextDestroyed()
2011/9/7 下午 09:54:12 org.apache.catalina.core.ApplicationContext log
資訊: ContextListener: contextDestroyed()
