2011/7/18 上午 11:41:41 org.apache.catalina.core.ApplicationContext log
資訊: ContextListener: contextInitialized()
2011/7/18 上午 11:41:41 org.apache.catalina.core.ApplicationContext log
資訊: SessionListener: contextInitialized()
2011/7/18 上午 11:48:19 org.apache.catalina.core.StandardWrapperValve invoke
嚴重的: Servlet.service() for servlet jsp threw exception
org.apache.jasper.JasperException: Unable to compile class for JSP: 

An error occurred at line: 6 in the generated java file
Only a type can be imported. com.tht.person.ProfileImp resolves to a package

An error occurred at line: 7 in the generated java file
Only a type can be imported. com.tht.person.Profile resolves to a package

An error occurred at line: 13 in the jsp file: /index.jsp
Profile cannot be resolved to a type
10: </head>
11: <body>
12: <%
13: Profile file=new Profile();
14: ProfileImp imp=new ProfileImp();
15: file.setName("撘萄???);
16: file.setParent_id(0);


An error occurred at line: 13 in the jsp file: /index.jsp
Profile cannot be resolved to a type
10: </head>
11: <body>
12: <%
13: Profile file=new Profile();
14: ProfileImp imp=new ProfileImp();
15: file.setName("撘萄???);
16: file.setParent_id(0);


An error occurred at line: 14 in the jsp file: /index.jsp
ProfileImp cannot be resolved to a type
11: <body>
12: <%
13: Profile file=new Profile();
14: ProfileImp imp=new ProfileImp();
15: file.setName("撘萄???);
16: file.setParent_id(0);
17: imp.save(file);


An error occurred at line: 14 in the jsp file: /index.jsp
ProfileImp cannot be resolved to a type
11: <body>
12: <%
13: Profile file=new Profile();
14: ProfileImp imp=new ProfileImp();
15: file.setName("撘萄???);
16: file.setParent_id(0);
17: imp.save(file);


Stacktrace:
	at org.apache.jasper.compiler.DefaultErrorHandler.javacError(DefaultErrorHandler.java:92)
	at org.apache.jasper.compiler.ErrorDispatcher.javacError(ErrorDispatcher.java:330)
	at org.apache.jasper.compiler.JDTCompiler.generateClass(JDTCompiler.java:439)
	at org.apache.jasper.compiler.Compiler.compile(Compiler.java:349)
	at org.apache.jasper.compiler.Compiler.compile(Compiler.java:327)
	at org.apache.jasper.compiler.Compiler.compile(Compiler.java:314)
	at org.apache.jasper.JspCompilationContext.compile(JspCompilationContext.java:592)
	at org.apache.jasper.servlet.JspServletWrapper.service(JspServletWrapper.java:326)
	at org.apache.jasper.servlet.JspServlet.serviceJspFile(JspServlet.java:313)
	at org.apache.jasper.servlet.JspServlet.service(JspServlet.java:260)
	at javax.servlet.http.HttpServlet.service(HttpServlet.java:717)
	at org.apache.catalina.core.ApplicationFilterChain.internalDoFilter(ApplicationFilterChain.java:290)
	at org.apache.catalina.core.ApplicationFilterChain.doFilter(ApplicationFilterChain.java:206)
	at org.apache.catalina.core.StandardWrapperValve.invoke(StandardWrapperValve.java:233)
	at org.apache.catalina.core.StandardContextValve.invoke(StandardContextValve.java:191)
	at org.apache.catalina.core.StandardHostValve.invoke(StandardHostValve.java:127)
	at org.apache.catalina.valves.ErrorReportValve.invoke(ErrorReportValve.java:102)
	at org.apache.catalina.core.StandardEngineValve.invoke(StandardEngineValve.java:109)
	at org.apache.catalina.connector.CoyoteAdapter.service(CoyoteAdapter.java:298)
	at org.apache.coyote.http11.Http11Processor.process(Http11Processor.java:859)
	at org.apache.coyote.http11.Http11Protocol$Http11ConnectionHandler.process(Http11Protocol.java:588)
	at org.apache.tomcat.util.net.JIoEndpoint$Worker.run(JIoEndpoint.java:489)
	at java.lang.Thread.run(Thread.java:680)
2011/7/18 上午 11:56:47 org.apache.catalina.core.ApplicationContext log
資訊: SessionListener: contextDestroyed()
2011/7/18 上午 11:56:47 org.apache.catalina.core.ApplicationContext log
資訊: ContextListener: contextDestroyed()
2011/7/18 上午 11:56:49 org.apache.catalina.core.ApplicationContext log
資訊: ContextListener: contextInitialized()
2011/7/18 上午 11:56:49 org.apache.catalina.core.ApplicationContext log
資訊: SessionListener: contextInitialized()
2011/7/18 上午 11:56:51 org.apache.catalina.core.StandardWrapperValve invoke
嚴重的: Servlet.service() for servlet jsp threw exception
org.apache.jasper.JasperException: Unable to compile class for JSP: 

An error occurred at line: 6 in the generated java file
Only a type can be imported. com.tht.person.ProfileImp resolves to a package

An error occurred at line: 7 in the generated java file
Only a type can be imported. com.tht.person.Profile resolves to a package

An error occurred at line: 13 in the jsp file: /index.jsp
Profile cannot be resolved to a type
10: </head>
11: <body>
12: <%
13: Profile file=new Profile();
14: ProfileImp imp=new ProfileImp();
15: file.setName("撘萄???);
16: file.setParent_id(0);


An error occurred at line: 13 in the jsp file: /index.jsp
Profile cannot be resolved to a type
10: </head>
11: <body>
12: <%
13: Profile file=new Profile();
14: ProfileImp imp=new ProfileImp();
15: file.setName("撘萄???);
16: file.setParent_id(0);


An error occurred at line: 14 in the jsp file: /index.jsp
ProfileImp cannot be resolved to a type
11: <body>
12: <%
13: Profile file=new Profile();
14: ProfileImp imp=new ProfileImp();
15: file.setName("撘萄???);
16: file.setParent_id(0);
17: imp.save(file);


An error occurred at line: 14 in the jsp file: /index.jsp
ProfileImp cannot be resolved to a type
11: <body>
12: <%
13: Profile file=new Profile();
14: ProfileImp imp=new ProfileImp();
15: file.setName("撘萄???);
16: file.setParent_id(0);
17: imp.save(file);


Stacktrace:
	at org.apache.jasper.compiler.DefaultErrorHandler.javacError(DefaultErrorHandler.java:92)
	at org.apache.jasper.compiler.ErrorDispatcher.javacError(ErrorDispatcher.java:330)
	at org.apache.jasper.compiler.JDTCompiler.generateClass(JDTCompiler.java:439)
	at org.apache.jasper.compiler.Compiler.compile(Compiler.java:349)
	at org.apache.jasper.compiler.Compiler.compile(Compiler.java:327)
	at org.apache.jasper.compiler.Compiler.compile(Compiler.java:314)
	at org.apache.jasper.JspCompilationContext.compile(JspCompilationContext.java:592)
	at org.apache.jasper.servlet.JspServletWrapper.service(JspServletWrapper.java:326)
	at org.apache.jasper.servlet.JspServlet.serviceJspFile(JspServlet.java:313)
	at org.apache.jasper.servlet.JspServlet.service(JspServlet.java:260)
	at javax.servlet.http.HttpServlet.service(HttpServlet.java:717)
	at org.apache.catalina.core.ApplicationFilterChain.internalDoFilter(ApplicationFilterChain.java:290)
	at org.apache.catalina.core.ApplicationFilterChain.doFilter(ApplicationFilterChain.java:206)
	at org.apache.catalina.core.StandardWrapperValve.invoke(StandardWrapperValve.java:233)
	at org.apache.catalina.core.StandardContextValve.invoke(StandardContextValve.java:191)
	at org.apache.catalina.core.StandardHostValve.invoke(StandardHostValve.java:127)
	at org.apache.catalina.valves.ErrorReportValve.invoke(ErrorReportValve.java:102)
	at org.apache.catalina.core.StandardEngineValve.invoke(StandardEngineValve.java:109)
	at org.apache.catalina.connector.CoyoteAdapter.service(CoyoteAdapter.java:298)
	at org.apache.coyote.http11.Http11Processor.process(Http11Processor.java:859)
	at org.apache.coyote.http11.Http11Protocol$Http11ConnectionHandler.process(Http11Protocol.java:588)
	at org.apache.tomcat.util.net.JIoEndpoint$Worker.run(JIoEndpoint.java:489)
	at java.lang.Thread.run(Thread.java:680)
2011/7/18 上午 11:58:43 org.apache.catalina.core.ApplicationContext log
資訊: SessionListener: contextDestroyed()
2011/7/18 上午 11:58:43 org.apache.catalina.core.ApplicationContext log
資訊: ContextListener: contextDestroyed()
2011/7/18 上午 11:58:47 org.apache.catalina.core.ApplicationContext log
資訊: ContextListener: contextInitialized()
2011/7/18 上午 11:58:47 org.apache.catalina.core.ApplicationContext log
資訊: SessionListener: contextInitialized()
2011/7/18 上午 11:58:49 org.apache.catalina.core.StandardWrapperValve invoke
嚴重的: Servlet.service() for servlet jsp threw exception
org.apache.jasper.JasperException: Unable to compile class for JSP: 

An error occurred at line: 6 in the generated java file
Only a type can be imported. com.tht.person.ProfileImp resolves to a package

An error occurred at line: 7 in the generated java file
Only a type can be imported. com.tht.person.Profile resolves to a package

An error occurred at line: 13 in the jsp file: /index.jsp
Profile cannot be resolved to a type
10: </head>
11: <body>
12: <%
13: Profile file=new Profile();
14: ProfileImp imp=new ProfileImp();
15: file.setName("撘萄???);
16: file.setParent_id(0);


An error occurred at line: 13 in the jsp file: /index.jsp
Profile cannot be resolved to a type
10: </head>
11: <body>
12: <%
13: Profile file=new Profile();
14: ProfileImp imp=new ProfileImp();
15: file.setName("撘萄???);
16: file.setParent_id(0);


An error occurred at line: 14 in the jsp file: /index.jsp
ProfileImp cannot be resolved to a type
11: <body>
12: <%
13: Profile file=new Profile();
14: ProfileImp imp=new ProfileImp();
15: file.setName("撘萄???);
16: file.setParent_id(0);
17: imp.save(file);


An error occurred at line: 14 in the jsp file: /index.jsp
ProfileImp cannot be resolved to a type
11: <body>
12: <%
13: Profile file=new Profile();
14: ProfileImp imp=new ProfileImp();
15: file.setName("撘萄???);
16: file.setParent_id(0);
17: imp.save(file);


Stacktrace:
	at org.apache.jasper.compiler.DefaultErrorHandler.javacError(DefaultErrorHandler.java:92)
	at org.apache.jasper.compiler.ErrorDispatcher.javacError(ErrorDispatcher.java:330)
	at org.apache.jasper.compiler.JDTCompiler.generateClass(JDTCompiler.java:439)
	at org.apache.jasper.compiler.Compiler.compile(Compiler.java:349)
	at org.apache.jasper.compiler.Compiler.compile(Compiler.java:327)
	at org.apache.jasper.compiler.Compiler.compile(Compiler.java:314)
	at org.apache.jasper.JspCompilationContext.compile(JspCompilationContext.java:592)
	at org.apache.jasper.servlet.JspServletWrapper.service(JspServletWrapper.java:326)
	at org.apache.jasper.servlet.JspServlet.serviceJspFile(JspServlet.java:313)
	at org.apache.jasper.servlet.JspServlet.service(JspServlet.java:260)
	at javax.servlet.http.HttpServlet.service(HttpServlet.java:717)
	at org.apache.catalina.core.ApplicationFilterChain.internalDoFilter(ApplicationFilterChain.java:290)
	at org.apache.catalina.core.ApplicationFilterChain.doFilter(ApplicationFilterChain.java:206)
	at org.apache.catalina.core.StandardWrapperValve.invoke(StandardWrapperValve.java:233)
	at org.apache.catalina.core.StandardContextValve.invoke(StandardContextValve.java:191)
	at org.apache.catalina.core.StandardHostValve.invoke(StandardHostValve.java:127)
	at org.apache.catalina.valves.ErrorReportValve.invoke(ErrorReportValve.java:102)
	at org.apache.catalina.core.StandardEngineValve.invoke(StandardEngineValve.java:109)
	at org.apache.catalina.connector.CoyoteAdapter.service(CoyoteAdapter.java:298)
	at org.apache.coyote.http11.Http11Processor.process(Http11Processor.java:859)
	at org.apache.coyote.http11.Http11Protocol$Http11ConnectionHandler.process(Http11Protocol.java:588)
	at org.apache.tomcat.util.net.JIoEndpoint$Worker.run(JIoEndpoint.java:489)
	at java.lang.Thread.run(Thread.java:680)
2011/7/18 下午 12:00:28 org.apache.catalina.core.ApplicationContext log
資訊: SessionListener: contextDestroyed()
2011/7/18 下午 12:00:28 org.apache.catalina.core.ApplicationContext log
資訊: ContextListener: contextDestroyed()
2011/7/18 下午 12:00:30 org.apache.catalina.core.ApplicationContext log
資訊: ContextListener: contextInitialized()
2011/7/18 下午 12:00:30 org.apache.catalina.core.ApplicationContext log
資訊: SessionListener: contextInitialized()
2011/7/18 下午 12:00:32 org.apache.catalina.core.StandardWrapperValve invoke
嚴重的: Servlet.service() for servlet jsp threw exception
org.apache.jasper.JasperException: Unable to compile class for JSP: 

An error occurred at line: 6 in the generated java file
Only a type can be imported. com.tht.person.Profile resolves to a package

An error occurred at line: 7 in the generated java file
Only a type can be imported. com.tht.person.ProfileImp resolves to a package

An error occurred at line: 15 in the jsp file: /index.jsp
Profile cannot be resolved to a type
12: </head>
13: <body>
14: <%
15: Profile file=new Profile();
16: ProfileImp imp=new ProfileImp();
17: file.setName("撘萄???);
18: file.setParent_id(0);


An error occurred at line: 15 in the jsp file: /index.jsp
Profile cannot be resolved to a type
12: </head>
13: <body>
14: <%
15: Profile file=new Profile();
16: ProfileImp imp=new ProfileImp();
17: file.setName("撘萄???);
18: file.setParent_id(0);


An error occurred at line: 16 in the jsp file: /index.jsp
ProfileImp cannot be resolved to a type
13: <body>
14: <%
15: Profile file=new Profile();
16: ProfileImp imp=new ProfileImp();
17: file.setName("撘萄???);
18: file.setParent_id(0);
19: imp.save(file);


An error occurred at line: 16 in the jsp file: /index.jsp
ProfileImp cannot be resolved to a type
13: <body>
14: <%
15: Profile file=new Profile();
16: ProfileImp imp=new ProfileImp();
17: file.setName("撘萄???);
18: file.setParent_id(0);
19: imp.save(file);


Stacktrace:
	at org.apache.jasper.compiler.DefaultErrorHandler.javacError(DefaultErrorHandler.java:92)
	at org.apache.jasper.compiler.ErrorDispatcher.javacError(ErrorDispatcher.java:330)
	at org.apache.jasper.compiler.JDTCompiler.generateClass(JDTCompiler.java:439)
	at org.apache.jasper.compiler.Compiler.compile(Compiler.java:349)
	at org.apache.jasper.compiler.Compiler.compile(Compiler.java:327)
	at org.apache.jasper.compiler.Compiler.compile(Compiler.java:314)
	at org.apache.jasper.JspCompilationContext.compile(JspCompilationContext.java:592)
	at org.apache.jasper.servlet.JspServletWrapper.service(JspServletWrapper.java:326)
	at org.apache.jasper.servlet.JspServlet.serviceJspFile(JspServlet.java:313)
	at org.apache.jasper.servlet.JspServlet.service(JspServlet.java:260)
	at javax.servlet.http.HttpServlet.service(HttpServlet.java:717)
	at org.apache.catalina.core.ApplicationFilterChain.internalDoFilter(ApplicationFilterChain.java:290)
	at org.apache.catalina.core.ApplicationFilterChain.doFilter(ApplicationFilterChain.java:206)
	at org.apache.catalina.core.StandardWrapperValve.invoke(StandardWrapperValve.java:233)
	at org.apache.catalina.core.StandardContextValve.invoke(StandardContextValve.java:191)
	at org.apache.catalina.core.StandardHostValve.invoke(StandardHostValve.java:127)
	at org.apache.catalina.valves.ErrorReportValve.invoke(ErrorReportValve.java:102)
	at org.apache.catalina.core.StandardEngineValve.invoke(StandardEngineValve.java:109)
	at org.apache.catalina.connector.CoyoteAdapter.service(CoyoteAdapter.java:298)
	at org.apache.coyote.http11.Http11Processor.process(Http11Processor.java:859)
	at org.apache.coyote.http11.Http11Protocol$Http11ConnectionHandler.process(Http11Protocol.java:588)
	at org.apache.tomcat.util.net.JIoEndpoint$Worker.run(JIoEndpoint.java:489)
	at java.lang.Thread.run(Thread.java:680)
2011/7/18 下午 12:03:29 org.apache.catalina.core.ApplicationContext log
資訊: SessionListener: contextDestroyed()
2011/7/18 下午 12:03:29 org.apache.catalina.core.ApplicationContext log
資訊: ContextListener: contextDestroyed()
2011/7/18 下午 12:03:34 org.apache.catalina.core.ApplicationContext log
資訊: ContextListener: contextInitialized()
2011/7/18 下午 12:03:34 org.apache.catalina.core.ApplicationContext log
資訊: SessionListener: contextInitialized()
2011/7/18 下午 12:03:36 org.apache.catalina.core.StandardWrapperValve invoke
嚴重的: Servlet.service() for servlet jsp threw exception
org.apache.jasper.JasperException: Unable to compile class for JSP: 

An error occurred at line: 6 in the generated java file
Only a type can be imported. com.tht.person.Profile resolves to a package

An error occurred at line: 7 in the generated java file
Only a type can be imported. com.tht.person.ProfileImp resolves to a package

An error occurred at line: 16 in the jsp file: /index.jsp
Profile cannot be resolved to a type
13: </head>
14: <body>
15: <%
16: Profile file=new Profile();
17: ProfileImp imp=new ProfileImp();
18: file.setName("撘萄???);
19: file.setParent_id(0);


An error occurred at line: 16 in the jsp file: /index.jsp
Profile cannot be resolved to a type
13: </head>
14: <body>
15: <%
16: Profile file=new Profile();
17: ProfileImp imp=new ProfileImp();
18: file.setName("撘萄???);
19: file.setParent_id(0);


An error occurred at line: 17 in the jsp file: /index.jsp
ProfileImp cannot be resolved to a type
14: <body>
15: <%
16: Profile file=new Profile();
17: ProfileImp imp=new ProfileImp();
18: file.setName("撘萄???);
19: file.setParent_id(0);
20: imp.save(file);


An error occurred at line: 17 in the jsp file: /index.jsp
ProfileImp cannot be resolved to a type
14: <body>
15: <%
16: Profile file=new Profile();
17: ProfileImp imp=new ProfileImp();
18: file.setName("撘萄???);
19: file.setParent_id(0);
20: imp.save(file);


Stacktrace:
	at org.apache.jasper.compiler.DefaultErrorHandler.javacError(DefaultErrorHandler.java:92)
	at org.apache.jasper.compiler.ErrorDispatcher.javacError(ErrorDispatcher.java:330)
	at org.apache.jasper.compiler.JDTCompiler.generateClass(JDTCompiler.java:439)
	at org.apache.jasper.compiler.Compiler.compile(Compiler.java:349)
	at org.apache.jasper.compiler.Compiler.compile(Compiler.java:327)
	at org.apache.jasper.compiler.Compiler.compile(Compiler.java:314)
	at org.apache.jasper.JspCompilationContext.compile(JspCompilationContext.java:592)
	at org.apache.jasper.servlet.JspServletWrapper.service(JspServletWrapper.java:326)
	at org.apache.jasper.servlet.JspServlet.serviceJspFile(JspServlet.java:313)
	at org.apache.jasper.servlet.JspServlet.service(JspServlet.java:260)
	at javax.servlet.http.HttpServlet.service(HttpServlet.java:717)
	at org.apache.catalina.core.ApplicationFilterChain.internalDoFilter(ApplicationFilterChain.java:290)
	at org.apache.catalina.core.ApplicationFilterChain.doFilter(ApplicationFilterChain.java:206)
	at org.apache.catalina.core.StandardWrapperValve.invoke(StandardWrapperValve.java:233)
	at org.apache.catalina.core.StandardContextValve.invoke(StandardContextValve.java:191)
	at org.apache.catalina.core.StandardHostValve.invoke(StandardHostValve.java:127)
	at org.apache.catalina.valves.ErrorReportValve.invoke(ErrorReportValve.java:102)
	at org.apache.catalina.core.StandardEngineValve.invoke(StandardEngineValve.java:109)
	at org.apache.catalina.connector.CoyoteAdapter.service(CoyoteAdapter.java:298)
	at org.apache.coyote.http11.Http11Processor.process(Http11Processor.java:859)
	at org.apache.coyote.http11.Http11Protocol$Http11ConnectionHandler.process(Http11Protocol.java:588)
	at org.apache.tomcat.util.net.JIoEndpoint$Worker.run(JIoEndpoint.java:489)
	at java.lang.Thread.run(Thread.java:680)
2011/7/18 下午 12:10:12 org.apache.catalina.core.ApplicationContext log
資訊: SessionListener: contextDestroyed()
2011/7/18 下午 12:10:12 org.apache.catalina.core.ApplicationContext log
資訊: ContextListener: contextDestroyed()
