四月 15, 2012 10:14:53 上午 org.apache.catalina.core.ApplicationContext log
資訊: ContextListener: contextInitialized()
四月 15, 2012 10:14:53 上午 org.apache.catalina.core.ApplicationContext log
資訊: SessionListener: contextInitialized()
四月 15, 2012 10:14:54 上午 org.apache.catalina.core.ApplicationContext log
資訊: SessionListener: contextDestroyed()
四月 15, 2012 10:14:54 上午 org.apache.catalina.core.ApplicationContext log
資訊: ContextListener: contextDestroyed()
四月 15, 2012 10:20:37 上午 org.apache.catalina.core.ApplicationContext log
資訊: ContextListener: contextInitialized()
四月 15, 2012 10:20:37 上午 org.apache.catalina.core.ApplicationContext log
資訊: SessionListener: contextInitialized()
四月 15, 2012 10:20:38 上午 org.apache.catalina.core.ApplicationContext log
資訊: SessionListener: contextDestroyed()
四月 15, 2012 10:20:38 上午 org.apache.catalina.core.ApplicationContext log
資訊: ContextListener: contextDestroyed()
四月 15, 2012 2:33:21 下午 org.apache.catalina.core.ApplicationContext log
資訊: ContextListener: contextInitialized()
四月 15, 2012 2:33:21 下午 org.apache.catalina.core.ApplicationContext log
資訊: SessionListener: contextInitialized()
四月 15, 2012 2:33:22 下午 org.apache.catalina.core.ApplicationContext log
資訊: SessionListener: contextDestroyed()
四月 15, 2012 2:33:22 下午 org.apache.catalina.core.ApplicationContext log
資訊: ContextListener: contextDestroyed()
