2011/8/27 上午 10:09:08 org.apache.catalina.core.ApplicationContext log
資訊: ContextListener: contextInitialized()
2011/8/27 上午 10:09:08 org.apache.catalina.core.ApplicationContext log
資訊: SessionListener: contextInitialized()
2011/8/27 上午 10:48:46 org.apache.catalina.core.ApplicationContext log
資訊: SessionListener: contextDestroyed()
2011/8/27 上午 10:48:46 org.apache.catalina.core.ApplicationContext log
資訊: ContextListener: contextDestroyed()
2011/8/27 上午 10:48:49 org.apache.catalina.core.ApplicationContext log
資訊: ContextListener: contextInitialized()
2011/8/27 上午 10:48:49 org.apache.catalina.core.ApplicationContext log
資訊: SessionListener: contextInitialized()
2011/8/27 上午 11:00:42 org.apache.catalina.core.ApplicationContext log
資訊: SessionListener: contextDestroyed()
2011/8/27 上午 11:00:42 org.apache.catalina.core.ApplicationContext log
資訊: ContextListener: contextDestroyed()
2011/8/27 上午 11:00:43 org.apache.catalina.core.ApplicationContext log
資訊: ContextListener: contextInitialized()
2011/8/27 上午 11:00:43 org.apache.catalina.core.ApplicationContext log
資訊: SessionListener: contextInitialized()
2011/8/27 上午 11:00:47 org.apache.catalina.core.StandardWrapperValve invoke
嚴重的: Servlet.service() for servlet jsp threw exception
java.lang.ClassCastException: org.apache.catalina.util.DefaultAnnotationProcessor cannot be cast to org.apache.AnnotationProcessor
	at org.apache.jasper.servlet.JspServletWrapper.getServlet(JspServletWrapper.java:151)
	at org.apache.jasper.servlet.JspServletWrapper.service(JspServletWrapper.java:338)
	at org.apache.jasper.servlet.JspServlet.serviceJspFile(JspServlet.java:313)
	at org.apache.jasper.servlet.JspServlet.service(JspServlet.java:260)
	at javax.servlet.http.HttpServlet.service(HttpServlet.java:717)
	at org.apache.catalina.core.ApplicationFilterChain.internalDoFilter(ApplicationFilterChain.java:290)
	at org.apache.catalina.core.ApplicationFilterChain.doFilter(ApplicationFilterChain.java:206)
	at org.apache.catalina.core.StandardWrapperValve.invoke(StandardWrapperValve.java:233)
	at org.apache.catalina.core.StandardContextValve.invoke(StandardContextValve.java:191)
	at org.apache.catalina.core.StandardHostValve.invoke(StandardHostValve.java:127)
	at org.apache.catalina.valves.ErrorReportValve.invoke(ErrorReportValve.java:102)
	at org.apache.catalina.core.StandardEngineValve.invoke(StandardEngineValve.java:109)
	at org.apache.catalina.connector.CoyoteAdapter.service(CoyoteAdapter.java:298)
	at org.apache.coyote.http11.Http11Processor.process(Http11Processor.java:859)
	at org.apache.coyote.http11.Http11Protocol$Http11ConnectionHandler.process(Http11Protocol.java:588)
	at org.apache.tomcat.util.net.JIoEndpoint$Worker.run(JIoEndpoint.java:489)
	at java.lang.Thread.run(Thread.java:680)
2011/8/27 上午 11:02:00 org.apache.catalina.core.ApplicationContext log
資訊: SessionListener: contextDestroyed()
2011/8/27 上午 11:02:00 org.apache.catalina.core.ApplicationContext log
資訊: ContextListener: contextDestroyed()
